number,value,datetime_start,datetime_complete,duration,params_batch_size,params_cross_layers,params_deep_hidden_dim_1,params_deep_hidden_dim_2,params_dropout,params_epochs,params_global_top_k,params_item_emb_dim,params_learning_rate,params_negative_sample_ratio,params_user_emb_dim,params_weight_decay,user_attrs_ndcg@005,user_attrs_ndcg@010,user_attrs_ndcg@015,user_attrs_ndcg@020,user_attrs_ndcg@050,user_attrs_ndcg@100,user_attrs_recall@005,user_attrs_recall@010,user_attrs_recall@015,user_attrs_recall@020,user_attrs_recall@050,user_attrs_recall@100,state
107,0.23480335454019644,2026-05-04 12:05:55.500017,2026-05-04 12:06:32.391053,0 days 00:00:36.891036,8192,1,256,128,0.2,3,100,32,0.001,0,16,0.0,0.2214838381371782,0.21284933683048443,0.21284643668010914,0.21467178906992085,0.23025558505731905,0.24454320972168903,0.23112010796221255,0.23480335454019644,0.24640803416107013,0.25756748374677463,0.30906654817169016,0.35176643091773313,COMPLETE
108,0.23807917228969838,2026-05-04 12:06:32.395958,2026-05-04 12:07:09.287662,0 days 00:00:36.891704,16384,1,256,128,0.2,3,100,32,0.0003,0,16,1e-06,0.21336136773212847,0.2119967725478038,0.21260884757235285,0.21752495687332785,0.23943897285540425,0.25557370840334137,0.22132253711201033,0.23807917228969838,0.25250507477228096,0.27251745746346584,0.3383307829177497,0.3840211938951801,COMPLETE
109,0.23807917228969838,2026-05-04 12:07:09.292465,2026-05-04 12:07:46.191410,0 days 00:00:36.898945,16384,1,256,128,0.2,3,100,32,0.0003,0,16,1e-06,0.21336136773212847,0.2119967725478038,0.21260884757235285,0.21752495687332785,0.23943897285540425,0.25557370840334137,0.22132253711201033,0.23807917228969838,0.25250507477228096,0.27251745746346584,0.3383307829177497,0.3840211938951801,COMPLETE
110,0.21776621039778907,2026-05-04 12:07:46.196126,2026-05-04 12:08:21.957010,0 days 00:00:35.760884,16384,2,64,128,0.2,3,100,32,0.0003,0,16,1e-06,0.1951635100927139,0.19150936938889185,0.19394399400200205,0.19865900638576425,0.22228236475865668,0.2357673549689425,0.20558704453441268,0.21776621039778907,0.23547776110529128,0.253585073827832,0.3223105783958524,0.35813455223549345,COMPLETE
111,0.23807917228969838,2026-05-04 12:08:21.961860,2026-05-04 12:08:58.869174,0 days 00:00:36.907314,16384,1,256,128,0.2,3,100,32,0.0003,0,16,1e-06,0.21336136773212847,0.2119967725478038,0.21260884757235285,0.21752495687332785,0.23943897285540425,0.25557370840334137,0.22132253711201033,0.23807917228969838,0.25250507477228096,0.27251745746346584,0.3383307829177497,0.3840211938951801,COMPLETE
112,0.23807917228969838,2026-05-04 12:08:58.873869,2026-05-04 12:09:35.841423,0 days 00:00:36.967554,16384,1,256,128,0.2,3,100,32,0.0003,0,16,1e-06,0.21336136773212847,0.2119967725478038,0.21260884757235285,0.21752495687332785,0.23943897285540425,0.25557370840334137,0.22132253711201033,0.23807917228969838,0.25250507477228096,0.27251745746346584,0.3383307829177497,0.3840211938951801,COMPLETE
113,0.23807917228969838,2026-05-04 12:09:35.846197,2026-05-04 12:10:12.813178,0 days 00:00:36.966981,16384,1,256,128,0.2,3,100,32,0.0003,0,16,1e-06,0.21336136773212847,0.2119967725478038,0.21260884757235285,0.21752495687332785,0.23943897285540425,0.25557370840334137,0.22132253711201033,0.23807917228969838,0.25250507477228096,0.27251745746346584,0.3383307829177497,0.3840211938951801,COMPLETE
114,0.23807917228969838,2026-05-04 12:10:12.818005,2026-05-04 12:10:49.588923,0 days 00:00:36.770918,16384,1,256,128,0.2,3,100,32,0.0003,0,16,1e-06,0.21336136773212847,0.2119967725478038,0.21260884757235285,0.21752495687332785,0.23943897285540425,0.25557370840334137,0.22132253711201033,0.23807917228969838,0.25250507477228096,0.27251745746346584,0.3383307829177497,0.3840211938951801,COMPLETE
115,0.23311965811965787,2026-05-04 12:10:49.593554,2026-05-04 12:11:26.510761,0 days 00:00:36.917207,16384,1,256,128,0.1,3,100,32,0.0003,0,16,1e-05,0.2162872984015644,0.2106768616765261,0.2126822206043673,0.21706099728707234,0.23921205489210343,0.25471913332618695,0.22495276653171348,0.23311965811965787,0.25188154850098127,0.26970150610180815,0.33753774995157354,0.3812926717284287,COMPLETE
116,0.23807917228969838,2026-05-04 12:11:26.515497,2026-05-04 12:12:03.414994,0 days 00:00:36.899497,16384,1,256,128,0.2,3,100,32,0.0003,0,16,1e-06,0.21336136773212847,0.2119967725478038,0.21260884757235285,0.21752495687332785,0.23943897285540425,0.25557370840334137,0.22132253711201033,0.23807917228969838,0.25250507477228096,0.27251745746346584,0.3383307829177497,0.3840211938951801,COMPLETE
117,0.21180547522652765,2026-05-04 12:12:03.419968,2026-05-04 12:12:39.428388,0 days 00:00:36.008420,16384,1,256,32,0.2,3,100,32,0.003,0,16,1e-06,0.18875091072989372,0.18579032888041797,0.18667824247893458,0.18903413143072428,0.20513753404372265,0.21891685599697283,0.198771929824561,0.21180547522652765,0.22319509100885604,0.23661029441973538,0.29150721865250195,0.33401046431222187,COMPLETE
118,0.22748377353640487,2026-05-04 12:12:39.432876,2026-05-04 12:13:23.578394,0 days 00:00:44.145518,16384,1,256,128,0.0,5,100,32,0.0003,0,16,1e-06,0.21659772899432453,0.2073943676536246,0.20659025321203442,0.20800801474707636,0.22340969005187358,0.23570196020824974,0.22518218623481737,0.22748377353640487,0.2373191405984924,0.24866252497232935,0.2980888836707298,0.33167421994326163,COMPLETE
119,0.23305250305250277,2026-05-04 12:13:23.583112,2026-05-04 12:14:00.577668,0 days 00:00:36.994556,4096,1,128,128,0.2,3,100,64,0.0003,0,16,1e-06,0.21678929448338555,0.21006073348474477,0.20745911042960893,0.2100818860316363,0.2256698746917771,0.23896788451656426,0.225560053981106,0.23305250305250277,0.23910625137345742,0.25454094040157776,0.3056447926723685,0.343687236504796,COMPLETE
120,0.23807917228969838,2026-05-04 12:14:00.582265,2026-05-04 12:14:37.484274,0 days 00:00:36.902009,16384,1,256,128,0.2,3,100,32,0.0003,0,16,1e-05,0.21336136773212847,0.2119967725478038,0.21260884757235285,0.21752495687332785,0.23943897285540425,0.25557370840334137,0.22132253711201033,0.23807917228969838,0.25250507477228096,0.27251745746346584,0.3383307829177497,0.3840211938951801,COMPLETE
121,0.23807917228969838,2026-05-04 12:14:37.489041,2026-05-04 12:15:14.511629,0 days 00:00:37.022588,16384,1,256,128,0.2,3,100,32,0.0003,0,16,1e-06,0.21336136773212847,0.2119967725478038,0.21260884757235285,0.21752495687332785,0.23943897285540425,0.25557370840334137,0.22132253711201033,0.23807917228969838,0.25250507477228096,0.27251745746346584,0.3383307829177497,0.3840211938951801,COMPLETE
122,0.23807917228969838,2026-05-04 12:15:14.516519,2026-05-04 12:15:51.344266,0 days 00:00:36.827747,16384,1,256,128,0.2,3,100,32,0.0003,0,16,1e-06,0.21336136773212847,0.2119967725478038,0.21260884757235285,0.21752495687332785,0.23943897285540425,0.25557370840334137,0.22132253711201033,0.23807917228969838,0.25250507477228096,0.27251745746346584,0.3383307829177497,0.3840211938951801,COMPLETE
123,0.23807917228969838,2026-05-04 12:15:51.348901,2026-05-04 12:16:28.313064,0 days 00:00:36.964163,16384,1,256,128,0.2,3,100,32,0.0003,0,16,1e-06,0.21336136773212847,0.2119967725478038,0.21260884757235285,0.21752495687332785,0.23943897285540425,0.25557370840334137,0.22132253711201033,0.23807917228969838,0.25250507477228096,0.27251745746346584,0.3383307829177497,0.3840211938951801,COMPLETE
124,0.23807917228969838,2026-05-04 12:16:28.318534,2026-05-04 12:17:05.171353,0 days 00:00:36.852819,16384,1,256,128,0.2,3,100,32,0.0003,0,16,1e-06,0.21336136773212847,0.2119967725478038,0.21260884757235285,0.21752495687332785,0.23943897285540425,0.25557370840334137,0.22132253711201033,0.23807917228969838,0.25250507477228096,0.27251745746346584,0.3383307829177497,0.3840211938951801,COMPLETE
125,0.23807917228969838,2026-05-04 12:17:05.176131,2026-05-04 12:17:42.063059,0 days 00:00:36.886928,16384,1,256,128,0.2,3,100,32,0.0003,0,16,1e-06,0.21336136773212847,0.2119967725478038,0.21260884757235285,0.21752495687332785,0.23943897285540425,0.25557370840334137,0.22132253711201033,0.23807917228969838,0.25250507477228096,0.27251745746346584,0.3383307829177497,0.3840211938951801,COMPLETE
126,0.2344746481588583,2026-05-04 12:17:42.068588,2026-05-04 12:18:19.073079,0 days 00:00:37.004491,16384,1,256,128,0.2,3,100,32,0.0003,0,8,1e-06,0.21912257553672193,0.2141353439398359,0.2175202554969281,0.219862312870491,0.24264421503373465,0.2594100311580528,0.2255600539811061,0.2344746481588583,0.25656493304266553,0.2676129390720583,0.3380991661349251,0.38574374654455235,COMPLETE
127,0.23414722704196347,2026-05-04 12:18:19.077802,2026-05-04 12:18:56.379870,0 days 00:00:37.302068,16384,3,256,128,0.2,3,100,32,0.0003,0,16,1e-05,0.20526000881060813,0.2034212192593514,0.2038720119196658,0.20836010389746107,0.23117227434717535,0.24643606661705167,0.21784075573549205,0.23414722704196347,0.24634722677232757,0.2646169365696259,0.3326187087437149,0.3737097371997559,COMPLETE
128,0.2205282436861381,2026-05-04 12:18:56.384552,2026-05-04 12:19:58.887522,0 days 00:01:02.502970,8192,1,256,64,0.2,8,100,32,0.0003,0,16,1e-06,0.20633831145840442,0.20048041120887877,0.20120685566329266,0.203141692804434,0.21670234227662333,0.2299160863178806,0.21384615384615346,0.2205282436861381,0.23271010815545193,0.24484482846815372,0.2878701057033124,0.3257292088049056,COMPLETE
129,0.2288612557033607,2026-05-04 12:19:58.893090,2026-05-04 12:20:35.874596,0 days 00:00:36.981506,16384,1,256,128,0.2,3,100,32,0.001,0,16,1e-06,0.2186118931041241,0.2096053647857199,0.21044517250137262,0.21267853321420374,0.2296395783514684,0.2443945125324743,0.22647773279352165,0.2288612557033607,0.24314427138313735,0.2556245436807225,0.3116452776518665,0.3545225762153748,COMPLETE
130,0.21776621039778907,2026-05-04 12:20:35.879679,2026-05-04 12:21:11.600087,0 days 00:00:35.720408,16384,2,64,128,0.2,3,100,32,0.0003,0,16,1e-06,0.1951635100927139,0.19150936938889185,0.19394399400200205,0.19865900638576425,0.22228236475865668,0.2357673549689425,0.20558704453441268,0.21776621039778907,0.23547776110529128,0.253585073827832,0.3223105783958524,0.35813455223549345,COMPLETE
131,0.23807917228969838,2026-05-04 12:21:11.605488,2026-05-04 12:21:48.458779,0 days 00:00:36.853291,16384,1,256,128,0.2,3,100,32,0.0003,0,16,1e-06,0.21336136773212847,0.2119967725478038,0.21260884757235285,0.21752495687332785,0.23943897285540425,0.25557370840334137,0.22132253711201033,0.23807917228969838,0.25250507477228096,0.27251745746346584,0.3383307829177497,0.3840211938951801,COMPLETE
132,0.23807917228969838,2026-05-04 12:21:48.463444,2026-05-04 12:22:25.239190,0 days 00:00:36.775746,16384,1,256,128,0.2,3,100,32,0.0003,0,16,1e-06,0.21336136773212847,0.2119967725478038,0.21260884757235285,0.21752495687332785,0.23943897285540425,0.25557370840334137,0.22132253711201033,0.23807917228969838,0.25250507477228096,0.27251745746346584,0.3383307829177497,0.3840211938951801,COMPLETE
133,0.23807917228969838,2026-05-04 12:22:25.243772,2026-05-04 12:23:02.317169,0 days 00:00:37.073397,16384,1,256,128,0.2,3,100,32,0.0003,0,16,1e-05,0.21336136773212847,0.2119967725478038,0.21260884757235285,0.21752495687332785,0.23943897285540425,0.25557370840334137,0.22132253711201033,0.23807917228969838,0.25250507477228096,0.27251745746346584,0.3383307829177497,0.3840211938951801,COMPLETE
134,0.23807917228969838,2026-05-04 12:23:02.321928,2026-05-04 12:23:39.212929,0 days 00:00:36.891001,16384,1,256,128,0.2,3,100,32,0.0003,0,16,1e-05,0.21336136773212847,0.2119967725478038,0.21260884757235285,0.21752495687332785,0.23943897285540425,0.25557370840334137,0.22132253711201033,0.23807917228969838,0.25250507477228096,0.27251745746346584,0.3383307829177497,0.3840211938951801,COMPLETE
135,0.23807917228969838,2026-05-04 12:23:39.217564,2026-05-04 12:24:16.145357,0 days 00:00:36.927793,16384,1,256,128,0.2,3,100,32,0.0003,0,16,0.0,0.21336136773212847,0.2119967725478038,0.21260884757235285,0.21752495687332785,0.23943897285540425,0.25557370840334137,0.22132253711201033,0.23807917228969838,0.25250507477228096,0.27251745746346584,0.3383307829177497,0.3840211938951801,COMPLETE
136,0.23311965811965787,2026-05-04 12:24:16.150562,2026-05-04 12:24:53.002808,0 days 00:00:36.852246,16384,1,256,128,0.1,3,100,32,0.0003,0,16,0.0,0.2162872984015644,0.2106768616765261,0.2126822206043673,0.21706099728707234,0.23921205489210343,0.25471913332618695,0.22495276653171348,0.23311965811965787,0.25188154850098127,0.26970150610180815,0.33753774995157354,0.3812926717284287,COMPLETE
137,0.23807917228969838,2026-05-04 12:24:53.007435,2026-05-04 12:25:29.913130,0 days 00:00:36.905695,16384,1,256,128,0.2,3,100,32,0.0003,0,16,1e-06,0.21336136773212847,0.2119967725478038,0.21260884757235285,0.21752495687332785,0.23943897285540425,0.25557370840334137,0.22132253711201033,0.23807917228969838,0.25250507477228096,0.27251745746346584,0.3383307829177497,0.3840211938951801,COMPLETE
138,0.21180547522652765,2026-05-04 12:25:29.917737,2026-05-04 12:26:05.996807,0 days 00:00:36.079070,16384,1,256,32,0.2,3,100,32,0.003,0,16,1e-06,0.18875091072989372,0.18579032888041797,0.18667824247893458,0.18903413143072428,0.20513753404372265,0.21891685599697283,0.198771929824561,0.21180547522652765,0.22319509100885604,0.23661029441973538,0.29150721865250195,0.33401046431222187,COMPLETE
139,0.22635595398753258,2026-05-04 12:26:06.001722,2026-05-04 12:26:43.109970,0 days 00:00:37.108248,16384,1,256,128,0.2,3,100,64,0.0003,0,16,1e-06,0.20430005036059143,0.20111793436085038,0.2031522998634935,0.2067958694645799,0.22798988061545153,0.24330391947334457,0.21129554655870417,0.22635595398753258,0.2472562884708631,0.2638171267452989,0.32893431853740346,0.3716547976667339,COMPLETE
140,0.23212582738898496,2026-05-04 12:26:43.115751,2026-05-04 12:27:30.641757,0 days 00:00:47.526006,16384,1,256,128,0.2,5,100,32,0.0003,0,16,1e-06,0.21644758071608447,0.20891374510322805,0.20795480460968507,0.21132515717470476,0.22731028768602216,0.2401854653400038,0.22677462887989153,0.23212582738898496,0.24308695802622896,0.2579648413440608,0.31050834508308306,0.3459028766995114,COMPLETE
141,0.23807917228969838,2026-05-04 12:27:30.646307,2026-05-04 12:28:07.695966,0 days 00:00:37.049659,16384,1,256,128,0.2,3,100,32,0.0003,0,16,1e-06,0.21336136773212847,0.2119967725478038,0.21260884757235285,0.21752495687332785,0.23943897285540425,0.25557370840334137,0.22132253711201033,0.23807917228969838,0.25250507477228096,0.27251745746346584,0.3383307829177497,0.3840211938951801,COMPLETE
142,0.23807917228969838,2026-05-04 12:28:07.700672,2026-05-04 12:28:44.561736,0 days 00:00:36.861064,16384,1,256,128,0.2,3,100,32,0.0003,0,16,1e-06,0.21336136773212847,0.2119967725478038,0.21260884757235285,0.21752495687332785,0.23943897285540425,0.25557370840334137,0.22132253711201033,0.23807917228969838,0.25250507477228096,0.27251745746346584,0.3383307829177497,0.3840211938951801,COMPLETE
143,0.23807917228969838,2026-05-04 12:28:44.567125,2026-05-04 12:29:21.535186,0 days 00:00:36.968061,16384,1,256,128,0.2,3,100,32,0.0003,0,16,1e-05,0.21336136773212847,0.2119967725478038,0.21260884757235285,0.21752495687332785,0.23943897285540425,0.25557370840334137,0.22132253711201033,0.23807917228969838,0.25250507477228096,0.27251745746346584,0.3383307829177497,0.3840211938951801,COMPLETE
144,0.23807917228969838,2026-05-04 12:29:21.540111,2026-05-04 12:29:58.509423,0 days 00:00:36.969312,16384,1,256,128,0.2,3,100,32,0.0003,0,16,1e-05,0.21336136773212847,0.2119967725478038,0.21260884757235285,0.21752495687332785,0.23943897285540425,0.25557370840334137,0.22132253711201033,0.23807917228969838,0.25250507477228096,0.27251745746346584,0.3383307829177497,0.3840211938951801,COMPLETE
145,0.23807917228969838,2026-05-04 12:29:58.514483,2026-05-04 12:30:35.393969,0 days 00:00:36.879486,16384,1,256,128,0.2,3,100,32,0.0003,0,16,1e-05,0.21336136773212847,0.2119967725478038,0.21260884757235285,0.21752495687332785,0.23943897285540425,0.25557370840334137,0.22132253711201033,0.23807917228969838,0.25250507477228096,0.27251745746346584,0.3383307829177497,0.3840211938951801,COMPLETE
146,0.23807917228969838,2026-05-04 12:30:35.398755,2026-05-04 12:31:12.281480,0 days 00:00:36.882725,16384,1,256,128,0.2,3,100,32,0.0003,0,16,1e-05,0.21336136773212847,0.2119967725478038,0.21260884757235285,0.21752495687332785,0.23943897285540425,0.25557370840334137,0.22132253711201033,0.23807917228969838,0.25250507477228096,0.27251745746346584,0.3383307829177497,0.3840211938951801,COMPLETE
147,0.23807917228969838,2026-05-04 12:31:12.286096,2026-05-04 12:31:48.979894,0 days 00:00:36.693798,16384,1,256,128,0.2,3,100,32,0.0003,0,16,1e-05,0.21336136773212847,0.2119967725478038,0.21260884757235285,0.21752495687332785,0.23943897285540425,0.25557370840334137,0.22132253711201033,0.23807917228969838,0.25250507477228096,0.27251745746346584,0.3383307829177497,0.3840211938951801,COMPLETE
148,0.23215892294839638,2026-05-04 12:31:48.984476,2026-05-04 12:32:24.090330,0 days 00:00:35.105854,4096,1,256,128,0.0,3,100,32,0.0003,0,8,1e-05,0.21649548980073863,0.20955385703563187,0.20744660459607195,0.21008732345123848,0.22580702858047005,0.23808366655070365,0.22632928475033687,0.23215892294839638,0.23761702984375016,0.25047965930444227,0.30187926650601854,0.33606557516140356,COMPLETE
149,0.2168385707859389,2026-05-04 12:32:24.094975,2026-05-04 12:33:00.452307,0 days 00:00:36.357332,16384,3,128,128,0.2,3,100,32,0.0003,0,16,1e-06,0.19542462269330954,0.18875669624135621,0.1921413278606758,0.19560932241035595,0.22027921199017467,0.2354218757354041,0.21319838056680127,0.2168385707859389,0.23675582402303022,0.25229501972661367,0.32515292405735885,0.36507387781264766,COMPLETE
150,0.23313957971852656,2026-05-04 13:00:24.887387,2026-05-04 13:01:44.191354,0 days 00:01:19.303967,8192,1,256,64,0.2,3,100,32,0.0003,0,16,1e-06,0.21118085002994308,0.2052772736647082,0.2053464575474005,0.20659900388380337,0.2223550284949709,0.23616627468719373,0.2221997300944664,0.23313957971852656,0.24447818038911118,0.2537284619022752,0.30647292291505773,0.34561372603808804,COMPLETE
151,0.23807917228969838,2026-05-04 13:01:44.198779,2026-05-04 13:02:21.561622,0 days 00:00:37.362843,16384,1,256,128,0.2,3,100,32,0.0003,0,16,1e-06,0.21336136773212847,0.2119967725478038,0.21260884757235285,0.21752495687332785,0.23943897285540425,0.25557370840334137,0.22132253711201033,0.23807917228969838,0.25250507477228096,0.27251745746346584,0.3383307829177497,0.3840211938951801,COMPLETE
152,0.23807917228969838,2026-05-04 13:02:21.566929,2026-05-04 13:02:58.134017,0 days 00:00:36.567088,16384,1,256,128,0.2,3,100,32,0.0003,0,16,1e-05,0.21336136773212847,0.2119967725478038,0.21260884757235285,0.21752495687332785,0.23943897285540425,0.25557370840334137,0.22132253711201033,0.23807917228969838,0.25250507477228096,0.27251745746346584,0.3383307829177497,0.3840211938951801,COMPLETE
153,0.23807917228969838,2026-05-04 13:02:58.138862,2026-05-04 13:03:34.825408,0 days 00:00:36.686546,16384,1,256,128,0.2,3,100,32,0.0003,0,16,1e-06,0.21336136773212847,0.2119967725478038,0.21260884757235285,0.21752495687332785,0.23943897285540425,0.25557370840334137,0.22132253711201033,0.23807917228969838,0.25250507477228096,0.27251745746346584,0.3383307829177497,0.3840211938951801,COMPLETE
154,0.23807917228969838,2026-05-04 13:03:34.830350,2026-05-04 13:04:11.641150,0 days 00:00:36.810800,16384,1,256,128,0.2,3,100,32,0.0003,0,16,1e-06,0.21336136773212847,0.2119967725478038,0.21260884757235285,0.21752495687332785,0.23943897285540425,0.25557370840334137,0.22132253711201033,0.23807917228969838,0.25250507477228096,0.27251745746346584,0.3383307829177497,0.3840211938951801,COMPLETE
155,0.23807917228969838,2026-05-04 13:04:11.645957,2026-05-04 13:04:48.248236,0 days 00:00:36.602279,16384,1,256,128,0.2,3,100,32,0.0003,0,16,1e-05,0.21336136773212847,0.2119967725478038,0.21260884757235285,0.21752495687332785,0.23943897285540425,0.25557370840334137,0.22132253711201033,0.23807917228969838,0.25250507477228096,0.27251745746346584,0.3383307829177497,0.3840211938951801,COMPLETE
156,0.23369320737741767,2026-05-04 13:04:48.253128,2026-05-04 13:06:19.965054,0 days 00:01:31.711926,16384,1,256,128,0.2,3,200,32,0.0003,0,16,1e-05,0.21641281162669432,0.21154384091348455,0.21175326484111243,0.21547074039197517,0.23816762355301332,0.2535385950224334,0.22419703103913582,0.23369320737741767,0.2484134354174837,0.26385903498461627,0.33495716959381194,0.3796295194895859,COMPLETE
157,0.20197866461024333,2026-05-04 13:06:19.969885,2026-05-04 13:07:22.407709,0 days 00:01:02.437824,16384,1,256,128,0.2,8,100,16,0.001,0,16,1e-06,0.1968198083887485,0.18835593822687227,0.18755045943504242,0.18945293314599998,0.2047968096275659,0.21760564270871863,0.1997300944669362,0.20197866461024333,0.21161828724581766,0.22347801499921058,0.27514329821127714,0.3145401338127707,COMPLETE
158,0.23807917228969838,2026-05-04 13:07:22.412493,2026-05-04 13:07:58.995608,0 days 00:00:36.583115,16384,1,256,128,0.2,3,100,32,0.0003,0,16,0.0,0.21336136773212847,0.2119967725478038,0.21260884757235285,0.21752495687332785,0.23943897285540425,0.25557370840334137,0.22132253711201033,0.23807917228969838,0.25250507477228096,0.27251745746346584,0.3383307829177497,0.3840211938951801,COMPLETE
159,0.21776621039778907,2026-05-04 13:07:59.000633,2026-05-04 13:08:34.172444,0 days 00:00:35.171811,16384,2,64,128,0.2,3,100,32,0.0003,0,16,0.0,0.1951635100927139,0.19150936938889185,0.19394399400200205,0.19865900638576425,0.22228236475865668,0.2357673549689425,0.20558704453441268,0.21776621039778907,0.23547776110529128,0.253585073827832,0.3223105783958524,0.35813455223549345,COMPLETE
160,0.23311965811965787,2026-05-04 13:08:34.177038,2026-05-04 13:09:10.991235,0 days 00:00:36.814197,16384,1,256,128,0.1,3,100,32,0.0003,0,16,1e-05,0.2162872984015644,0.2106768616765261,0.2126822206043673,0.21706099728707234,0.23921205489210343,0.25471913332618695,0.22495276653171348,0.23311965811965787,0.25188154850098127,0.26970150610180815,0.33753774995157354,0.3812926717284287,COMPLETE
