number,value,datetime_start,datetime_complete,duration,params_colsample_bytree,params_global_top_k,params_learning_rate,params_min_child_samples,params_n_estimators,params_num_leaves,params_reg_alpha,params_reg_lambda,params_subsample,user_attrs_ndcg@005,user_attrs_ndcg@010,user_attrs_ndcg@015,user_attrs_ndcg@020,user_attrs_ndcg@050,user_attrs_ndcg@100,user_attrs_recall@005,user_attrs_recall@010,user_attrs_recall@015,user_attrs_recall@020,user_attrs_recall@050,user_attrs_recall@100,state
111,0.24467804125698853,2026-05-03 22:50:03.145417,2026-05-03 22:50:29.318072,0 days 00:00:26.172655,0.85,200,0.01,50,150,10,0.0,0.1,0.85,0.22870713324835057,0.22181526579942934,0.2212214063633494,0.22286138481808862,0.2312450420017667,0.23450888274976184,0.23693657219972955,0.24467804125698853,0.25287559943430377,0.26303186692546304,0.29018168117936083,0.2957897410639901,COMPLETE
112,0.24467804125698853,2026-05-03 22:50:29.323109,2026-05-03 22:50:56.098514,0 days 00:00:26.775405,0.85,200,0.01,50,150,10,0.0,0.1,0.85,0.22870713324835057,0.22181526579942934,0.2212214063633494,0.22286138481808862,0.2312450420017667,0.23450888274976184,0.23693657219972955,0.24467804125698853,0.25287559943430377,0.26303186692546304,0.29018168117936083,0.2957897410639901,COMPLETE
113,0.24467804125698853,2026-05-03 22:50:56.103294,2026-05-03 22:51:21.299059,0 days 00:00:25.195765,0.85,200,0.01,50,150,10,0.0,0.1,0.85,0.22870713324835057,0.22181526579942934,0.2212214063633494,0.22286138481808862,0.2312450420017667,0.23450888274976184,0.23693657219972955,0.24467804125698853,0.25287559943430377,0.26303186692546304,0.29018168117936083,0.2957897410639901,COMPLETE
114,0.24467804125698853,2026-05-03 22:51:21.303853,2026-05-03 22:51:46.933314,0 days 00:00:25.629461,0.85,200,0.01,50,150,10,0.0,0.1,0.85,0.22870713324835057,0.22181526579942934,0.2212214063633494,0.22286138481808862,0.2312450420017667,0.23450888274976184,0.23693657219972955,0.24467804125698853,0.25287559943430377,0.26303186692546304,0.29018168117936083,0.2957897410639901,COMPLETE
115,0.24467804125698853,2026-05-03 22:51:46.938101,2026-05-03 22:52:12.856611,0 days 00:00:25.918510,0.85,200,0.01,50,150,10,0.0,0.1,0.85,0.22870713324835057,0.22181526579942934,0.2212214063633494,0.22286138481808862,0.2312450420017667,0.23450888274976184,0.23693657219972955,0.24467804125698853,0.25287559943430377,0.26303186692546304,0.29018168117936083,0.2957897410639901,COMPLETE
116,0.24467804125698853,2026-05-03 22:52:12.861578,2026-05-03 22:52:38.953323,0 days 00:00:26.091745,0.85,200,0.01,50,150,10,0.0,0.1,0.85,0.22870713324835057,0.22181526579942934,0.2212214063633494,0.22286138481808862,0.2312450420017667,0.23450888274976184,0.23693657219972955,0.24467804125698853,0.25287559943430377,0.26303186692546304,0.29018168117936083,0.2957897410639901,COMPLETE
117,0.24467804125698853,2026-05-03 22:52:38.957853,2026-05-03 22:53:05.105360,0 days 00:00:26.147507,0.85,200,0.01,50,150,10,0.0,0.1,0.85,0.22870713324835057,0.22181526579942934,0.2212214063633494,0.22286138481808862,0.2312450420017667,0.23450888274976184,0.23693657219972955,0.24467804125698853,0.25287559943430377,0.26303186692546304,0.29018168117936083,0.2957897410639901,COMPLETE
118,0.24027568922305748,2026-05-03 22:53:05.109903,2026-05-03 22:53:30.463993,0 days 00:00:25.354090,0.85,200,0.07,50,150,10,0.001,0.1,0.85,0.23878189177971,0.22833568358475673,0.22476530446026394,0.22426011481187935,0.22682692748976713,0.22846701602504335,0.24206477732793438,0.24027568922305748,0.24393661219572133,0.24868227830963335,0.2607042652139819,0.26189180310566107,COMPLETE
119,0.24467804125698853,2026-05-03 22:53:30.468780,2026-05-03 22:53:56.972966,0 days 00:00:26.504186,0.85,200,0.01,50,150,10,0.0,0.1,0.85,0.22870713324835057,0.22181526579942934,0.2212214063633494,0.22286138481808862,0.2312450420017667,0.23450888274976184,0.23693657219972955,0.24467804125698853,0.25287559943430377,0.26303186692546304,0.29018168117936083,0.2957897410639901,COMPLETE
120,0.24252297410192128,2026-05-03 23:05:02.379849,2026-05-03 23:06:23.007438,0 days 00:01:20.627589,0.85,200,0.01,50,150,127,0.0,0.1,0.85,0.23481800491965737,0.22532317645123542,0.22449194543191478,0.2253777061484114,0.23093121069303513,0.23217687136766738,0.24079622132253628,0.24252297410192128,0.2530473530068669,0.2625550207978671,0.2820006616989152,0.2827801175397398,COMPLETE
121,0.24467804125698853,2026-05-03 23:06:23.015568,2026-05-03 23:06:48.379891,0 days 00:00:25.364323,0.85,200,0.01,50,150,10,0.0,0.1,0.85,0.22870713324835057,0.22181526579942934,0.2212214063633494,0.22286138481808862,0.2312450420017667,0.23450888274976184,0.23693657219972955,0.24467804125698853,0.25287559943430377,0.26303186692546304,0.29018168117936083,0.2957897410639901,COMPLETE
122,0.24467804125698853,2026-05-03 23:06:48.384375,2026-05-03 23:07:13.563502,0 days 00:00:25.179127,0.85,200,0.01,50,150,10,0.0,0.1,0.85,0.22870713324835057,0.22181526579942934,0.2212214063633494,0.22286138481808862,0.2312450420017667,0.23450888274976184,0.23693657219972955,0.24467804125698853,0.25287559943430377,0.26303186692546304,0.29018168117936083,0.2957897410639901,COMPLETE
123,0.24467804125698853,2026-05-03 23:07:13.568147,2026-05-03 23:07:39.226145,0 days 00:00:25.657998,0.85,200,0.01,50,150,10,0.0,0.1,0.85,0.22870713324835057,0.22181526579942934,0.2212214063633494,0.22286138481808862,0.2312450420017667,0.23450888274976184,0.23693657219972955,0.24467804125698853,0.25287559943430377,0.26303186692546304,0.29018168117936083,0.2957897410639901,COMPLETE
124,0.24467804125698853,2026-05-03 23:07:39.231087,2026-05-03 23:08:04.649299,0 days 00:00:25.418212,0.85,200,0.01,50,150,10,0.0,0.1,0.85,0.22870713324835057,0.22181526579942934,0.2212214063633494,0.22286138481808862,0.2312450420017667,0.23450888274976184,0.23693657219972955,0.24467804125698853,0.25287559943430377,0.26303186692546304,0.29018168117936083,0.2957897410639901,COMPLETE
125,0.24467804125698853,2026-05-03 23:08:04.653888,2026-05-03 23:08:30.848097,0 days 00:00:26.194209,0.85,200,0.01,50,150,10,0.0,0.1,0.85,0.22870713324835057,0.22181526579942934,0.2212214063633494,0.22286138481808862,0.2312450420017667,0.23450888274976184,0.23693657219972955,0.24467804125698853,0.25287559943430377,0.26303186692546304,0.29018168117936083,0.2957897410639901,COMPLETE
126,0.24467804125698853,2026-05-03 23:08:30.853736,2026-05-03 23:08:56.944576,0 days 00:00:26.090840,0.85,200,0.01,50,150,10,0.0,0.1,0.85,0.22870713324835057,0.22181526579942934,0.2212214063633494,0.22286138481808862,0.2312450420017667,0.23450888274976184,0.23693657219972955,0.24467804125698853,0.25287559943430377,0.26303186692546304,0.29018168117936083,0.2957897410639901,COMPLETE
127,0.24467804125698853,2026-05-03 23:08:56.949537,2026-05-03 23:09:22.135075,0 days 00:00:25.185538,0.85,200,0.01,50,150,10,0.0,0.1,0.85,0.22870713324835057,0.22181526579942934,0.2212214063633494,0.22286138481808862,0.2312450420017667,0.23450888274976184,0.23693657219972955,0.24467804125698853,0.25287559943430377,0.26303186692546304,0.29018168117936083,0.2957897410639901,COMPLETE
128,0.24397371634213713,2026-05-03 23:09:22.139867,2026-05-03 23:10:34.624470,0 days 00:01:12.484603,0.85,100,0.01,50,150,63,0.0,0.001,0.85,0.23659811392381666,0.22796509085329017,0.22651682803101691,0.22652344731766508,0.2308414124991226,0.23253267276043113,0.24018893387314366,0.24397371634213713,0.25263592457924416,0.2594522140000388,0.276419751169235,0.27755859520303494,COMPLETE
129,0.24467804125698853,2026-05-03 23:10:34.630174,2026-05-03 23:11:00.225297,0 days 00:00:25.595123,0.85,200,0.01,50,150,10,0.0,0.1,0.85,0.22870713324835057,0.22181526579942934,0.2212214063633494,0.22286138481808862,0.2312450420017667,0.23450888274976184,0.23693657219972955,0.24467804125698853,0.25287559943430377,0.26303186692546304,0.29018168117936083,0.2957897410639901,COMPLETE
