number,value,datetime_start,datetime_complete,duration,params_batch_size,params_cross_layers,params_deep_hidden_dim_1,params_deep_hidden_dim_2,params_dropout,params_epochs,params_global_top_k,params_item_emb_dim,params_learning_rate,params_negative_sample_ratio,params_user_emb_dim,params_weight_decay,user_attrs_ndcg@005,user_attrs_ndcg@010,user_attrs_ndcg@015,user_attrs_ndcg@020,user_attrs_ndcg@050,user_attrs_ndcg@100,user_attrs_recall@005,user_attrs_recall@010,user_attrs_recall@015,user_attrs_recall@020,user_attrs_recall@050,user_attrs_recall@100,state
161,0.23807917228969838,2026-05-04 13:09:10.996192,2026-05-04 13:09:47.357095,0 days 00:00:36.360903,16384,1,256,128,0.2,3,100,32,0.0003,0,16,1e-06,0.21336136773212847,0.2119967725478038,0.21260884757235285,0.21752495687332785,0.23943897285540425,0.25557370840334137,0.22132253711201033,0.23807917228969838,0.25250507477228096,0.27251745746346584,0.3383307829177497,0.3840211938951801,COMPLETE
162,0.23807917228969838,2026-05-04 13:09:47.362612,2026-05-04 13:10:24.158816,0 days 00:00:36.796204,16384,1,256,128,0.2,3,100,32,0.0003,0,16,1e-06,0.21336136773212847,0.2119967725478038,0.21260884757235285,0.21752495687332785,0.23943897285540425,0.25557370840334137,0.22132253711201033,0.23807917228969838,0.25250507477228096,0.27251745746346584,0.3383307829177497,0.3840211938951801,COMPLETE
163,0.23807917228969838,2026-05-04 13:10:24.163815,2026-05-04 13:11:00.733378,0 days 00:00:36.569563,16384,1,256,128,0.2,3,100,32,0.0003,0,16,1e-06,0.21336136773212847,0.2119967725478038,0.21260884757235285,0.21752495687332785,0.23943897285540425,0.25557370840334137,0.22132253711201033,0.23807917228969838,0.25250507477228096,0.27251745746346584,0.3383307829177497,0.3840211938951801,COMPLETE
164,0.23807917228969838,2026-05-04 13:11:00.738157,2026-05-04 13:11:37.099282,0 days 00:00:36.361125,16384,1,256,128,0.2,3,100,32,0.0003,0,16,1e-06,0.21336136773212847,0.2119967725478038,0.21260884757235285,0.21752495687332785,0.23943897285540425,0.25557370840334137,0.22132253711201033,0.23807917228969838,0.25250507477228096,0.27251745746346584,0.3383307829177497,0.3840211938951801,COMPLETE
165,0.23807917228969838,2026-05-04 13:11:37.104319,2026-05-04 13:12:13.928899,0 days 00:00:36.824580,16384,1,256,128,0.2,3,100,32,0.0003,0,16,1e-06,0.21336136773212847,0.2119967725478038,0.21260884757235285,0.21752495687332785,0.23943897285540425,0.25557370840334137,0.22132253711201033,0.23807917228969838,0.25250507477228096,0.27251745746346584,0.3383307829177497,0.3840211938951801,COMPLETE
166,0.23807917228969838,2026-05-04 13:12:13.934466,2026-05-04 13:12:50.303968,0 days 00:00:36.369502,16384,1,256,128,0.2,3,100,32,0.0003,0,16,1e-06,0.21336136773212847,0.2119967725478038,0.21260884757235285,0.21752495687332785,0.23943897285540425,0.25557370840334137,0.22132253711201033,0.23807917228969838,0.25250507477228096,0.27251745746346584,0.3383307829177497,0.3840211938951801,COMPLETE
167,0.23807917228969838,2026-05-04 13:12:50.308742,2026-05-04 13:13:26.851581,0 days 00:00:36.542839,16384,1,256,128,0.2,3,100,32,0.0003,0,16,1e-06,0.21336136773212847,0.2119967725478038,0.21260884757235285,0.21752495687332785,0.23943897285540425,0.25557370840334137,0.22132253711201033,0.23807917228969838,0.25250507477228096,0.27251745746346584,0.3383307829177497,0.3840211938951801,COMPLETE
168,0.24012916907653747,2026-05-04 13:13:26.856349,2026-05-04 13:14:03.693176,0 days 00:00:36.836827,16384,1,256,128,0.2,3,100,32,0.0003,0,32,1e-06,0.21541452143324566,0.21212186808015893,0.2136663277093982,0.21769445798977616,0.23534899153776498,0.24900577585087577,0.22638326585694954,0.24012916907653747,0.2553058906905057,0.2727516712002992,0.3259046933795777,0.36369999357701116,COMPLETE
169,0.24012916907653747,2026-05-04 13:14:03.698286,2026-05-04 13:14:40.283667,0 days 00:00:36.585381,16384,1,256,128,0.2,3,100,32,0.0003,0,32,1e-06,0.21541452143324566,0.21212186808015893,0.2136663277093982,0.21769445798977616,0.23534899153776498,0.24900577585087577,0.22638326585694954,0.24012916907653747,0.2553058906905057,0.2727516712002992,0.3259046933795777,0.36369999357701116,COMPLETE
170,0.20412794807531623,2026-05-04 13:14:40.288416,2026-05-04 13:15:16.197052,0 days 00:00:35.908636,16384,1,256,32,0.2,3,100,32,0.003,0,32,1e-06,0.19119154243135691,0.18572511980767326,0.1841728275062054,0.1857379270144494,0.19992826552044773,0.21339748776667858,0.19678812415654487,0.20412794807531623,0.21083536571390815,0.22131283346842212,0.2686275315530655,0.3116345469057009,COMPLETE
171,0.24012916907653747,2026-05-04 13:15:16.201916,2026-05-04 13:15:52.967179,0 days 00:00:36.765263,16384,1,256,128,0.2,3,100,32,0.0003,0,32,1e-05,0.21541452143324566,0.21212186808015893,0.2136663277093982,0.21769445798977616,0.23534899153776498,0.24900577585087577,0.22638326585694954,0.24012916907653747,0.2553058906905057,0.2727516712002992,0.3259046933795777,0.36369999357701116,COMPLETE
172,0.24012916907653747,2026-05-04 13:15:52.971934,2026-05-04 13:16:30.489679,0 days 00:00:37.517745,16384,1,256,128,0.2,3,100,32,0.0003,0,32,1e-06,0.21541452143324566,0.21212186808015893,0.2136663277093982,0.21769445798977616,0.23534899153776498,0.24900577585087577,0.22638326585694954,0.24012916907653747,0.2553058906905057,0.2727516712002992,0.3259046933795777,0.36369999357701116,COMPLETE
173,0.24012916907653747,2026-05-04 13:16:30.495260,2026-05-04 13:17:08.645561,0 days 00:00:38.150301,16384,1,256,128,0.2,3,100,32,0.0003,0,32,1e-06,0.21541452143324566,0.21212186808015893,0.2136663277093982,0.21769445798977616,0.23534899153776498,0.24900577585087577,0.22638326585694954,0.24012916907653747,0.2553058906905057,0.2727516712002992,0.3259046933795777,0.36369999357701116,COMPLETE
174,0.24012916907653747,2026-05-04 13:17:08.650676,2026-05-04 13:17:45.217408,0 days 00:00:36.566732,16384,1,256,128,0.2,3,100,32,0.0003,0,32,1e-06,0.21541452143324566,0.21212186808015893,0.2136663277093982,0.21769445798977616,0.23534899153776498,0.24900577585087577,0.22638326585694954,0.24012916907653747,0.2553058906905057,0.2727516712002992,0.3259046933795777,0.36369999357701116,COMPLETE
175,0.24012916907653747,2026-05-04 13:17:45.222333,2026-05-04 13:18:22.020881,0 days 00:00:36.798548,16384,1,256,128,0.2,3,100,32,0.0003,0,32,1e-05,0.21541452143324566,0.21212186808015893,0.2136663277093982,0.21769445798977616,0.23534899153776498,0.24900577585087577,0.22638326585694954,0.24012916907653747,0.2553058906905057,0.2727516712002992,0.3259046933795777,0.36369999357701116,COMPLETE
176,0.24012916907653747,2026-05-04 13:18:22.026755,2026-05-04 13:18:58.835784,0 days 00:00:36.809029,16384,1,256,128,0.2,3,100,32,0.0003,0,32,1e-05,0.21541452143324566,0.21212186808015893,0.2136663277093982,0.21769445798977616,0.23534899153776498,0.24900577585087577,0.22638326585694954,0.24012916907653747,0.2553058906905057,0.2727516712002992,0.3259046933795777,0.36369999357701116,COMPLETE
177,0.23413790887475075,2026-05-04 13:18:58.840777,2026-05-04 13:19:45.978042,0 days 00:00:47.137265,16384,1,256,128,0.2,5,100,32,0.0003,0,32,1e-05,0.21238630654742194,0.20759150854539007,0.20724329404337796,0.20809171368229745,0.22232116448532258,0.23568725725228656,0.2238056680161938,0.23413790887475075,0.24576125179364008,0.25387807529288614,0.3005440202932755,0.33802585715081235,COMPLETE
178,0.24222672064777304,2026-05-04 13:19:45.983175,2026-05-04 13:20:23.042015,0 days 00:00:37.058840,16384,1,256,128,0.2,3,100,64,0.0003,0,32,1e-05,0.22066674570290892,0.2148995091968129,0.21485164813384408,0.21706955261894395,0.23395045382638927,0.24715355488519541,0.23182186234817756,0.24222672064777304,0.2531115623018454,0.26616623035112413,0.3188442417282634,0.3563577341890683,COMPLETE
179,0.23315339631129056,2026-05-04 13:20:23.046934,2026-05-04 13:21:03.661668,0 days 00:00:40.614734,4096,1,256,128,0.0,3,200,64,0.0003,0,32,1e-05,0.2137063216233976,0.2091524066723194,0.20943361739665312,0.2125852136291817,0.22842249325142183,0.2421111078261373,0.22369770580296836,0.23315339631129056,0.24474636249939857,0.26088904573753724,0.30913617727226755,0.34963869789223034,COMPLETE
180,0.24222672064777304,2026-05-04 13:21:03.666700,2026-05-04 13:21:40.866385,0 days 00:00:37.199685,16384,1,256,128,0.2,3,100,64,0.0003,0,32,1e-05,0.22066674570290892,0.2148995091968129,0.21485164813384408,0.21706955261894395,0.23395045382638927,0.24715355488519541,0.23182186234817756,0.24222672064777304,0.2531115623018454,0.26616623035112413,0.3188442417282634,0.3563577341890683,COMPLETE
181,0.24222672064777304,2026-05-04 13:21:40.871345,2026-05-04 13:22:17.934565,0 days 00:00:37.063220,16384,1,256,128,0.2,3,100,64,0.0003,0,32,1e-05,0.22066674570290892,0.2148995091968129,0.21485164813384408,0.21706955261894395,0.23395045382638927,0.24715355488519541,0.23182186234817756,0.24222672064777304,0.2531115623018454,0.26616623035112413,0.3188442417282634,0.3563577341890683,COMPLETE
182,0.24222672064777304,2026-05-04 13:22:17.939602,2026-05-04 13:22:54.760834,0 days 00:00:36.821232,16384,1,256,128,0.2,3,100,64,0.0003,0,32,1e-05,0.22066674570290892,0.2148995091968129,0.21485164813384408,0.21706955261894395,0.23395045382638927,0.24715355488519541,0.23182186234817756,0.24222672064777304,0.2531115623018454,0.26616623035112413,0.3188442417282634,0.3563577341890683,COMPLETE
183,0.24222672064777304,2026-05-04 13:22:54.765881,2026-05-04 13:23:31.925324,0 days 00:00:37.159443,16384,1,256,128,0.2,3,100,64,0.0003,0,32,1e-05,0.22066674570290892,0.2148995091968129,0.21485164813384408,0.21706955261894395,0.23395045382638927,0.24715355488519541,0.23182186234817756,0.24222672064777304,0.2531115623018454,0.26616623035112413,0.3188442417282634,0.3563577341890683,COMPLETE
184,0.24222672064777304,2026-05-04 13:23:31.930218,2026-05-04 13:24:08.802666,0 days 00:00:36.872448,16384,1,256,128,0.2,3,100,64,0.0003,0,32,1e-05,0.22066674570290892,0.2148995091968129,0.21485164813384408,0.21706955261894395,0.23395045382638927,0.24715355488519541,0.23182186234817756,0.24222672064777304,0.2531115623018454,0.26616623035112413,0.3188442417282634,0.3563577341890683,COMPLETE
185,0.24222672064777304,2026-05-04 13:24:08.808207,2026-05-04 13:24:46.294059,0 days 00:00:37.485852,16384,1,256,128,0.2,3,100,64,0.0003,0,32,1e-05,0.22066674570290892,0.2148995091968129,0.21485164813384408,0.21706955261894395,0.23395045382638927,0.24715355488519541,0.23182186234817756,0.24222672064777304,0.2531115623018454,0.26616623035112413,0.3188442417282634,0.3563577341890683,COMPLETE
186,0.24222672064777304,2026-05-04 13:24:46.299127,2026-05-04 13:25:24.633046,0 days 00:00:38.333919,16384,1,256,128,0.2,3,100,64,0.0003,0,32,1e-05,0.22066674570290892,0.2148995091968129,0.21485164813384408,0.21706955261894395,0.23395045382638927,0.24715355488519541,0.23182186234817756,0.24222672064777304,0.2531115623018454,0.26616623035112413,0.3188442417282634,0.3563577341890683,COMPLETE
187,0.23931302615513136,2026-05-04 13:25:24.638274,2026-05-04 13:26:01.371051,0 days 00:00:36.732777,16384,1,128,128,0.2,3,100,64,0.0003,0,32,1e-05,0.2172419948793486,0.21302527749512665,0.2133971603059964,0.21618202033378434,0.23616412429374672,0.24969840438599575,0.22442645074223963,0.23931302615513136,0.2520848225099234,0.26698222833975715,0.3287309076558504,0.3661329838512376,COMPLETE
188,0.23931302615513136,2026-05-04 13:26:01.377188,2026-05-04 13:26:38.008354,0 days 00:00:36.631166,16384,1,128,128,0.2,3,100,64,0.0003,0,32,1e-05,0.2172419948793486,0.21302527749512665,0.2133971603059964,0.21618202033378434,0.23616412429374672,0.24969840438599575,0.22442645074223963,0.23931302615513136,0.2520848225099234,0.26698222833975715,0.3287309076558504,0.3661329838512376,COMPLETE
189,0.23931302615513136,2026-05-04 13:26:38.013868,2026-05-04 13:27:13.973672,0 days 00:00:35.959804,16384,1,128,128,0.2,3,100,64,0.0003,0,32,1e-05,0.2172419948793486,0.21302527749512665,0.2133971603059964,0.21618202033378434,0.23616412429374672,0.24969840438599575,0.22442645074223963,0.23931302615513136,0.2520848225099234,0.26698222833975715,0.3287309076558504,0.3661329838512376,COMPLETE
190,0.23931302615513136,2026-05-04 13:27:13.978842,2026-05-04 13:27:49.864524,0 days 00:00:35.885682,16384,1,128,128,0.2,3,100,64,0.0003,0,32,1e-05,0.2172419948793486,0.21302527749512665,0.2133971603059964,0.21618202033378434,0.23616412429374672,0.24969840438599575,0.22442645074223963,0.23931302615513136,0.2520848225099234,0.26698222833975715,0.3287309076558504,0.3661329838512376,COMPLETE
191,0.23931302615513136,2026-05-04 13:27:49.869408,2026-05-04 13:28:26.210884,0 days 00:00:36.341476,16384,1,128,128,0.2,3,100,64,0.0003,0,32,1e-05,0.2172419948793486,0.21302527749512665,0.2133971603059964,0.21618202033378434,0.23616412429374672,0.24969840438599575,0.22442645074223963,0.23931302615513136,0.2520848225099234,0.26698222833975715,0.3287309076558504,0.3661329838512376,COMPLETE
192,0.23931302615513136,2026-05-04 13:28:26.215884,2026-05-04 13:29:02.088579,0 days 00:00:35.872695,16384,1,128,128,0.2,3,100,64,0.0003,0,32,1e-05,0.2172419948793486,0.21302527749512665,0.2133971603059964,0.21618202033378434,0.23616412429374672,0.24969840438599575,0.22442645074223963,0.23931302615513136,0.2520848225099234,0.26698222833975715,0.3287309076558504,0.3661329838512376,COMPLETE
193,0.23931302615513136,2026-05-04 13:29:02.093722,2026-05-04 13:29:38.124733,0 days 00:00:36.031011,16384,1,128,128,0.2,3,100,64,0.0003,0,32,1e-05,0.2172419948793486,0.21302527749512665,0.2133971603059964,0.21618202033378434,0.23616412429374672,0.24969840438599575,0.22442645074223963,0.23931302615513136,0.2520848225099234,0.26698222833975715,0.3287309076558504,0.3661329838512376,COMPLETE
194,0.23931302615513136,2026-05-04 13:29:38.133693,2026-05-04 13:30:14.448218,0 days 00:00:36.314525,16384,1,128,128,0.2,3,100,64,0.0003,0,32,1e-05,0.2172419948793486,0.21302527749512665,0.2133971603059964,0.21618202033378434,0.23616412429374672,0.24969840438599575,0.22442645074223963,0.23931302615513136,0.2520848225099234,0.26698222833975715,0.3287309076558504,0.3661329838512376,COMPLETE
195,0.23931302615513136,2026-05-04 13:30:14.453618,2026-05-04 13:30:50.392058,0 days 00:00:35.938440,16384,1,128,128,0.2,3,100,64,0.0003,0,32,1e-05,0.2172419948793486,0.21302527749512665,0.2133971603059964,0.21618202033378434,0.23616412429374672,0.24969840438599575,0.22442645074223963,0.23931302615513136,0.2520848225099234,0.26698222833975715,0.3287309076558504,0.3661329838512376,COMPLETE
196,0.22222190090611127,2026-05-04 13:30:50.401333,2026-05-04 13:31:27.222801,0 days 00:00:36.821468,16384,3,128,128,0.2,3,100,64,0.0003,0,32,1e-05,0.20022676856936514,0.19650676802702605,0.1996467608466859,0.20293536979289936,0.22390136039803654,0.23856755936542293,0.20985155195681476,0.22222190090611127,0.24273645158260526,0.25613224882283314,0.3206714257335668,0.36259044317519096,COMPLETE
197,0.23102146391620046,2026-05-04 13:31:27.227854,2026-05-04 13:32:27.181602,0 days 00:00:59.953748,16384,1,128,64,0.2,8,100,64,0.0003,0,32,1e-05,0.22003816739048285,0.21164633956720033,0.21088290600144854,0.21156396388412949,0.22573720721702373,0.2379553792188927,0.22871794871794823,0.23102146391620046,0.24120914847635452,0.2498084909022976,0.29421343050777615,0.32945191037364263,COMPLETE
198,0.2387851037851036,2026-05-04 13:32:27.187319,2026-05-04 13:33:03.611137,0 days 00:00:36.423818,8192,1,128,128,0.2,3,100,64,0.0003,0,32,1e-05,0.2228110094774053,0.21487787927136345,0.21409655124285726,0.21557498812846146,0.23106746578309323,0.24508199435659572,0.23287449392712478,0.2387851037851036,0.25075278297950315,0.26180719907365374,0.31130735252338326,0.3533293377362384,COMPLETE
199,0.22931399010346348,2026-05-04 13:33:03.616016,2026-05-04 13:33:40.099581,0 days 00:00:36.483565,16384,2,128,128,0.2,3,100,64,0.001,0,32,1e-05,0.2127364846145679,0.2044831196977109,0.20401207566622312,0.2060160941221088,0.22209215628861867,0.23562775294739213,0.22499325236167278,0.22931399010346348,0.24082587003639602,0.2526250094593434,0.3038819450024525,0.3434107313868401,COMPLETE
