number,value,datetime_start,datetime_complete,duration,params_colsample_bytree,params_learning_rate,params_min_child_samples,params_n_estimators,params_num_leaves,params_reg_alpha,params_reg_lambda,params_subsample,user_attrs_ndcg@005,user_attrs_ndcg@010,user_attrs_ndcg@015,user_attrs_ndcg@020,user_attrs_ndcg@050,user_attrs_ndcg@100,user_attrs_recall@005,user_attrs_recall@010,user_attrs_recall@015,user_attrs_recall@020,user_attrs_recall@050,user_attrs_recall@100,state
56,0.4439470534355042,2026-04-26 21:15:15.432781,2026-04-26 21:17:00.726772,0 days 00:01:45.293991,0.85,0.01,20,100,63,0.0,0.001,0.7,0.4754644827423262,0.452258139470564,0.4523366886259353,0.45588156886975156,0.4605734576255862,0.46074731129701557,0.4585525219188565,0.4439470534355042,0.45800181944046264,0.4709510340420022,0.483861854353381,0.4839855910032061,COMPLETE
57,0.4439470534355042,2026-04-26 21:17:00.731609,2026-04-26 21:18:46.368233,0 days 00:01:45.636624,0.85,0.01,20,100,63,0.0,0.001,0.7,0.4754644827423262,0.452258139470564,0.4523366886259353,0.45588156886975156,0.4605734576255862,0.46074731129701557,0.4585525219188565,0.4439470534355042,0.45800181944046264,0.4709510340420022,0.483861854353381,0.4839855910032061,COMPLETE
58,0.437866524747714,2026-04-26 21:18:46.372514,2026-04-26 21:20:32.148326,0 days 00:01:45.775812,0.85,0.01,20,100,63,0.001,0.001,0.7,0.4750775838910461,0.4492098083875553,0.4471863185159678,0.4507108304358048,0.45911047949305933,0.45947871304838667,0.4578274494116058,0.437866524747714,0.44738757453278816,0.4597453412441253,0.4794214828718664,0.47993119378090493,COMPLETE
59,0.4303102929340543,2026-04-26 21:20:32.152978,2026-04-26 21:22:34.653783,0 days 00:02:02.500805,0.85,0.03,20,400,63,0.0,0.001,0.7,0.4801038609538993,0.44792889093750754,0.43708392068735546,0.43348649563155867,0.43126706327201314,0.4313406684476479,0.46120945427875976,0.4303102929340543,0.42340926206062685,0.42256518009640726,0.42232593697483783,0.4223250513621767,COMPLETE
60,0.44648131479814784,2026-04-26 21:50:52.500341,2026-04-26 21:55:18.628423,0 days 00:04:26.128082,0.85,0.01,20,100,127,0.0,0.001,0.7,0.4777506673897096,0.45449329761869395,0.45434198841492934,0.4576411036682477,0.4612014608472608,0.46135360946768955,0.46092275894255935,0.44648131479814784,0.4599998444732907,0.4723780877642039,0.4832033544559597,0.48328711988988876,COMPLETE
61,0.44648131479814784,2026-04-26 21:55:18.635613,2026-04-26 21:57:12.588534,0 days 00:01:53.952921,0.85,0.01,20,100,127,0.0,0.001,0.7,0.4777506673897096,0.45449329761869395,0.45434198841492934,0.4576411036682477,0.4612014608472608,0.46135360946768955,0.46092275894255935,0.44648131479814784,0.4599998444732907,0.4723780877642039,0.4832033544559597,0.48328711988988876,COMPLETE
62,0.44648131479814784,2026-04-26 21:57:12.593051,2026-04-26 21:59:05.102298,0 days 00:01:52.509247,0.85,0.01,20,100,127,0.0,0.001,0.7,0.4777506673897096,0.45449329761869395,0.45434198841492934,0.4576411036682477,0.4612014608472608,0.46135360946768955,0.46092275894255935,0.44648131479814784,0.4599998444732907,0.4723780877642039,0.4832033544559597,0.48328711988988876,COMPLETE
63,0.44648131479814784,2026-04-26 21:59:05.107000,2026-04-26 22:00:56.984944,0 days 00:01:51.877944,0.85,0.01,20,100,127,0.0,0.001,0.7,0.4777506673897096,0.45449329761869395,0.45434198841492934,0.4576411036682477,0.4612014608472608,0.46135360946768955,0.46092275894255935,0.44648131479814784,0.4599998444732907,0.4723780877642039,0.4832033544559597,0.48328711988988876,COMPLETE
64,0.44648131479814784,2026-04-26 22:00:56.989718,2026-04-26 22:02:48.391604,0 days 00:01:51.401886,0.85,0.01,20,100,127,0.0,0.001,0.7,0.4777506673897096,0.45449329761869395,0.45434198841492934,0.4576411036682477,0.4612014608472608,0.46135360946768955,0.46092275894255935,0.44648131479814784,0.4599998444732907,0.4723780877642039,0.4832033544559597,0.48328711988988876,COMPLETE
65,0.44648131479814784,2026-04-26 22:02:48.396457,2026-04-26 22:04:42.935091,0 days 00:01:54.538634,0.85,0.01,20,100,127,0.0,0.001,0.7,0.4777506673897096,0.45449329761869395,0.45434198841492934,0.4576411036682477,0.4612014608472608,0.46135360946768955,0.46092275894255935,0.44648131479814784,0.4599998444732907,0.4723780877642039,0.4832033544559597,0.48328711988988876,COMPLETE
66,0.4249918642657904,2026-04-26 22:04:42.940112,2026-04-26 22:06:40.835600,0 days 00:01:57.895488,0.85,0.1,20,200,127,0.0,0.001,0.7,0.4745767893131788,0.44284262285096204,0.4311704938542529,0.42689197460405837,0.4239227888724518,0.4240608362737394,0.4554022068873538,0.4249918642657904,0.4165361316351407,0.4143916090834336,0.4129502365402335,0.4130438073261396,COMPLETE
67,0.4367988783005285,2026-04-26 22:06:40.840691,2026-04-26 22:08:32.437469,0 days 00:01:51.596778,0.85,0.05,20,100,127,0.0,0.001,0.7,0.4805026868326114,0.4513933328220169,0.4430754389312691,0.44083566693221804,0.4389783349796953,0.4390401382890231,0.4621228789545604,0.4367988783005285,0.434739835399901,0.4364944222448414,0.4368810083614445,0.4368713757114487,COMPLETE
68,0.4391156575975058,2026-04-26 22:08:32.444314,2026-04-26 22:10:25.657965,0 days 00:01:53.213651,0.85,0.01,20,100,127,0.1,0.001,0.7,0.4763674087840482,0.4506116825113454,0.4487784222917493,0.4521245256275861,0.459514641009027,0.4598027641944475,0.45875420875420736,0.4391156575975058,0.44880032819576743,0.46081461604191876,0.4786977362378433,0.4790738405622012,COMPLETE
69,0.44648131479814784,2026-04-26 22:10:25.663258,2026-04-26 22:12:18.380280,0 days 00:01:52.717022,0.85,0.01,20,100,127,0.0,0.001,0.7,0.4777506673897096,0.45449329761869395,0.45434198841492934,0.4576411036682477,0.4612014608472608,0.46135360946768955,0.46092275894255935,0.44648131479814784,0.4599998444732907,0.4723780877642039,0.4832033544559597,0.48328711988988876,COMPLETE
70,0.4396570609441895,2026-04-26 22:12:18.385129,2026-04-26 22:14:12.184183,0 days 00:01:53.799054,0.85,0.01,20,100,127,0.001,0.001,0.7,0.47624341411093224,0.4508610997760221,0.44885312137172595,0.45222941017980695,0.45964254986625613,0.4599195358259163,0.45836250291695685,0.4396570609441895,0.44898487517749375,0.46112062085566496,0.47905644459073476,0.4794196451731621,COMPLETE
71,0.44648131479814784,2026-04-26 22:14:12.189590,2026-04-26 22:16:04.770068,0 days 00:01:52.580478,0.85,0.01,20,100,127,0.0,0.001,0.7,0.4777506673897096,0.45449329761869395,0.45434198841492934,0.4576411036682477,0.4612014608472608,0.46135360946768955,0.46092275894255935,0.44648131479814784,0.4599998444732907,0.4723780877642039,0.4832033544559597,0.48328711988988876,COMPLETE
72,0.44648131479814784,2026-04-26 22:16:04.775412,2026-04-26 22:17:57.409288,0 days 00:01:52.633876,0.85,0.01,20,100,127,0.0,0.001,0.7,0.4777506673897096,0.45449329761869395,0.45434198841492934,0.4576411036682477,0.4612014608472608,0.46135360946768955,0.46092275894255935,0.44648131479814784,0.4599998444732907,0.4723780877642039,0.4832033544559597,0.48328711988988876,COMPLETE
73,0.44648131479814784,2026-04-26 22:17:57.415882,2026-04-26 22:19:51.463464,0 days 00:01:54.047582,0.85,0.01,20,100,127,0.0,0.001,0.7,0.4777506673897096,0.45449329761869395,0.45434198841492934,0.4576411036682477,0.4612014608472608,0.46135360946768955,0.46092275894255935,0.44648131479814784,0.4599998444732907,0.4723780877642039,0.4832033544559597,0.48328711988988876,COMPLETE
74,0.44648131479814784,2026-04-26 22:19:51.470210,2026-04-26 22:21:44.563620,0 days 00:01:53.093410,0.85,0.01,20,100,127,0.0,0.001,0.7,0.4777506673897096,0.45449329761869395,0.45434198841492934,0.4576411036682477,0.4612014608472608,0.46135360946768955,0.46092275894255935,0.44648131479814784,0.4599998444732907,0.4723780877642039,0.4832033544559597,0.48328711988988876,COMPLETE
75,0.44648131479814784,2026-04-26 22:21:44.568983,2026-04-26 22:23:38.637870,0 days 00:01:54.068887,0.85,0.01,20,100,127,0.0,0.001,0.7,0.4777506673897096,0.45449329761869395,0.45434198841492934,0.4576411036682477,0.4612014608472608,0.46135360946768955,0.46092275894255935,0.44648131479814784,0.4599998444732907,0.4723780877642039,0.4832033544559597,0.48328711988988876,COMPLETE
76,0.44581831198993016,2026-04-26 22:23:38.643160,2026-04-26 22:25:30.182597,0 days 00:01:51.539437,0.85,0.01,20,100,127,0.0,0.1,0.7,0.47781596220432615,0.4541583251888564,0.45408511139967,0.45732255403459343,0.4608118229434089,0.46096176508917147,0.46102943627695936,0.44581831198993016,0.45957875258055136,0.47181411313155214,0.48246111340619763,0.4825341725555306,COMPLETE
77,0.44648131479814784,2026-04-26 22:25:30.187603,2026-04-26 22:27:21.600988,0 days 00:01:51.413385,0.85,0.01,20,100,127,0.0,0.001,0.7,0.4777506673897096,0.45449329761869395,0.45434198841492934,0.4576411036682477,0.4612014608472608,0.46135360946768955,0.46092275894255935,0.44648131479814784,0.4599998444732907,0.4723780877642039,0.4832033544559597,0.48328711988988876,COMPLETE
78,0.4304990022811802,2026-04-26 22:27:21.606402,2026-04-26 22:29:33.665576,0 days 00:02:12.059174,0.85,0.03,20,400,127,0.0,0.001,0.7,0.4794439566389112,0.4476484987588278,0.4360274275252758,0.43184049456220264,0.4288216264992528,0.4288864246157423,0.4604410441044085,0.4304990022811802,0.42217626330287583,0.420247906927561,0.41874082331823653,0.41871687395013707,COMPLETE
79,0.4466940741693227,2026-04-26 22:29:33.670739,2026-04-26 22:31:25.159339,0 days 00:01:51.488600,0.7,0.01,20,100,127,0.0,0.001,0.7,0.4785978906630114,0.45506736426726324,0.45461913241538404,0.4577562532559563,0.46161799418590943,0.4617563470224767,0.46162116211621007,0.4466940741693227,0.45962334411929184,0.47186796184844554,0.48323001401931065,0.4833072077731508,COMPLETE
