number,value,datetime_start,datetime_complete,duration,params_colsample_bytree,params_learning_rate,params_min_child_samples,params_n_estimators,params_num_leaves,params_reg_alpha,params_reg_lambda,params_subsample,user_attrs_dunnhumby_valid_ndcg@005,user_attrs_dunnhumby_valid_ndcg@010,user_attrs_dunnhumby_valid_ndcg@015,user_attrs_dunnhumby_valid_ndcg@020,user_attrs_dunnhumby_valid_ndcg@050,user_attrs_dunnhumby_valid_ndcg@100,user_attrs_dunnhumby_valid_recall@005,user_attrs_dunnhumby_valid_recall@010,user_attrs_dunnhumby_valid_recall@015,user_attrs_dunnhumby_valid_recall@020,user_attrs_dunnhumby_valid_recall@050,user_attrs_dunnhumby_valid_recall@100,user_attrs_instacart_valid_ndcg@005,user_attrs_instacart_valid_ndcg@010,user_attrs_instacart_valid_ndcg@015,user_attrs_instacart_valid_ndcg@020,user_attrs_instacart_valid_ndcg@050,user_attrs_instacart_valid_ndcg@100,user_attrs_instacart_valid_recall@005,user_attrs_instacart_valid_recall@010,user_attrs_instacart_valid_recall@015,user_attrs_instacart_valid_recall@020,user_attrs_instacart_valid_recall@050,user_attrs_instacart_valid_recall@100,user_attrs_macro_valid_score,user_attrs_tafeng_valid_ndcg@005,user_attrs_tafeng_valid_ndcg@010,user_attrs_tafeng_valid_ndcg@015,user_attrs_tafeng_valid_ndcg@020,user_attrs_tafeng_valid_ndcg@050,user_attrs_tafeng_valid_ndcg@100,user_attrs_tafeng_valid_recall@005,user_attrs_tafeng_valid_recall@010,user_attrs_tafeng_valid_recall@015,user_attrs_tafeng_valid_recall@020,user_attrs_tafeng_valid_recall@050,user_attrs_tafeng_valid_recall@100,state
0,0.2677376717885058,2026-04-13 16:22:02.682773,2026-04-13 16:27:12.825969,0 days 00:05:10.143196,0.7,0.01,10,100,63,0.0,0.1,0.85,0.23164079271227211,0.21872574653655588,0.21430676599492718,0.2115363535220981,0.20849690685968994,0.20845743366796926,0.23354925775978372,0.2301519825204034,0.23363911616948055,0.23397358076592487,0.2353657988854266,0.23560878729005744,0.47465814489478436,0.4516971451303941,0.4534621176795458,0.4592825226896828,0.4686026815929016,0.46903950271200684,0.45749074907490894,0.4437323891119284,0.46128758285974025,0.4791882283090957,0.5014911163526042,0.5018934250613568,0.2677376717885058,0.11913754909098964,0.12000854419346485,0.12253884430652189,0.1238043570119324,0.12467672232755872,0.124699254826606,0.11888476367271306,0.12932864373318567,0.1389769503506482,0.14369831362253696,0.14673016749807566,0.14678322656822954,COMPLETE
1,0.26102042287595556,2026-04-13 16:27:12.833405,2026-04-13 16:30:18.275291,0 days 00:03:05.441886,1.0,0.03,20,100,127,0.001,0.1,0.7,0.2258025463665432,0.2132567833701841,0.2060055454655306,0.20293856249070016,0.198234516671248,0.1980796782039626,0.2270715249662614,0.22248409485251583,0.21822138724972748,0.2189805852018346,0.21655501681708617,0.21651565158242767,0.4776227166162999,0.45060029471551716,0.4477261883512106,0.45010547120574484,0.4574872750426848,0.4579572310098855,0.46003433676701,0.43827851039072346,0.44645339076032226,0.4569169026585187,0.4752819124718904,0.4757306458411571,0.26102042287595556,0.12141813742969158,0.11866954517179734,0.11924120243825125,0.1196465137372608,0.1197869970075211,0.11978794514181222,0.11871102860678896,0.12229866338462737,0.12677726306885306,0.12924701633050978,0.13063738455482318,0.13064401982118748,COMPLETE
2,0.25084263380178323,2026-04-13 16:30:18.280137,2026-04-13 16:33:27.490094,0 days 00:03:09.209957,0.7,0.03,10,200,31,0.001,0.1,0.85,0.227368635678159,0.209243614675334,0.20108039401847017,0.1961889317931132,0.1905843452360948,0.1903639185936884,0.22345479082321149,0.2094527986633248,0.2042907587239571,0.2001582828664466,0.19604994417946128,0.1958670740671774,0.4779554554053079,0.44911963255255744,0.4450759023966713,0.447040127893953,0.45423419305201096,0.4547753591191831,0.4593726039270608,0.43419778485785215,0.44000016662783,0.449433895202669,0.46687723645832063,0.4674602148201332,0.25084263380178323,0.11732343287172502,0.11101428004891876,0.1092289337445145,0.10824593573184528,0.10741035298391338,0.10740161103816726,0.11247560569279952,0.10887731788417271,0.10881588939564134,0.10826294502994412,0.10760200890054938,0.10759252936550008,COMPLETE
3,0.25151019883272285,2026-04-13 16:33:27.495150,2026-04-13 16:36:36.590058,0 days 00:03:09.094908,0.7,0.03,20,200,31,0.001,0.1,1.0,0.22577058128711838,0.20892561556336223,0.2003366099848087,0.19544045919159095,0.18989187372404204,0.18968743903512694,0.22234817813765148,0.21068408199987135,0.2037727477201161,0.19960369462967212,0.19552994080998265,0.19536347365231682,0.47785226246916535,0.449102434613376,0.4450611303534485,0.44701656030855264,0.45431567772425147,0.4548346372838753,0.4593025969263611,0.434233740834402,0.44011377439220284,0.44947832060393733,0.46718459161431664,0.46774864241090786,0.25151019883272285,0.11747061066064253,0.11126293454382044,0.10950803644574404,0.10861478970093735,0.1078016367100929,0.10779323243132743,0.11291827312104454,0.1096127736638952,0.1094417121584054,0.10911018537391277,0.1084401379989846,0.10843140465253374,COMPLETE
4,0.26077011883266765,2026-04-13 16:36:36.594871,2026-04-13 16:39:59.442891,0 days 00:03:22.848020,0.7,0.01,20,400,31,0.0,0.001,0.7,0.22830545963601573,0.2127023003607069,0.20368897643302591,0.19913211023519076,0.19300822341628376,0.19278233486860535,0.22812415654520876,0.22025994473362884,0.21381965987229143,0.21097408578644725,0.20567632093916,0.20548652146480406,0.47818316094387375,0.45197181131605896,0.44929798257838616,0.45117952144027323,0.4563154857163216,0.4567452583683056,0.4605227189385622,0.4407619730227001,0.44953871372263343,0.4590322748125516,0.47250265805705327,0.47285394072677706,0.26077011883266765,0.12077574033435143,0.11734947749481657,0.11643910212015116,0.11577777326306507,0.11515564054713157,0.1151450702227253,0.1186539102289508,0.121288438741674,0.1229910870065096,0.1230770630465709,0.12278291877935692,0.12277231374572684,COMPLETE
5,0.25598549433432755,2026-04-13 16:39:59.448563,2026-04-13 16:43:03.143826,0 days 00:03:03.695263,0.7,0.05,50,100,63,0.001,0.1,0.7,0.22847001554543273,0.2131103431655399,0.20550230052843152,0.20065815524945813,0.1958643793317405,0.19569518279403153,0.22948717948717923,0.21860677334361542,0.2133778277502974,0.20918327050921293,0.20709100544192097,0.20699677886257514,0.4791178605182038,0.4505439027757331,0.4469919839068491,0.44896861896612833,0.4560216170825826,0.45648506048169735,0.4604410441044116,0.43624648179103775,0.4432370051857006,0.4529199744396137,0.47025617782517803,0.47075787017674114,0.25598549433432755,0.11940235578332992,0.11424514049352325,0.11299393931292585,0.11218695181445552,0.11141950538502832,0.11141011329637426,0.11443429006616333,0.11310322786832934,0.11395098903666713,0.11369468955566508,0.11317428128472691,0.11316533028408009,COMPLETE
6,0.24958990652393923,2026-04-13 16:43:03.149098,2026-04-13 16:46:10.369579,0 days 00:03:07.220481,1.0,0.1,20,200,31,0.0,0.001,0.7,0.22129399039994568,0.1993002866850333,0.1886371404084432,0.18348967051778337,0.1771962908280464,0.17701065663403748,0.2170040485829955,0.19604845446950692,0.18534601251200442,0.1811720872275078,0.17528637147298573,0.1751410627181637,0.47956760214480143,0.45174581053467616,0.44661234540894035,0.44638214151325795,0.44919805732952384,0.44961419103896827,0.46153281994866335,0.4380619014282384,0.4419341243148638,0.44748336157663116,0.4565179588037763,0.45684838024790453,0.24958990652393923,0.11947657562650671,0.11372005213010829,0.11128796825059527,0.11008523260647245,0.10914016267836935,0.10913172136273719,0.11658098909991081,0.11465936367407242,0.11313170265405069,0.11211508713260494,0.11122130748742398,0.11121257629475811,COMPLETE
7,0.26093941956235317,2026-04-13 16:46:10.375339,2026-04-13 16:49:38.151671,0 days 00:03:27.776332,1.0,0.01,20,400,63,0.0,0.1,0.7,0.22751608646164548,0.2108885277105179,0.20184894644720452,0.19747231336309218,0.19125027433644007,0.19104787235453535,0.2288663967611332,0.21893869288606127,0.21115567743098115,0.20940256277219346,0.20386806746445632,0.20369672991678825,0.47842934325708025,0.45283877304820447,0.4492192126043308,0.4501307074497028,0.453418184583398,0.45377035894187534,0.460391039103911,0.44181362580702643,0.44888609712342253,0.45662954356634755,0.4668046500657758,0.46698884947490293,0.26093941956235317,0.12150529353846655,0.1178192100992054,0.11684665296441368,0.11605507931133945,0.11510974656419516,0.11510310487038049,0.11972963967823459,0.12206593999397175,0.1242636447120246,0.12418395854853766,0.1232861443246506,0.12327974090149252,COMPLETE
8,0.25828248185633446,2026-04-13 16:49:38.157279,2026-04-13 16:53:16.625356,0 days 00:03:38.468077,0.85,0.01,10,400,127,0.1,0.1,0.85,0.2272068231750669,0.21223844705035508,0.20475708676067972,0.20075509493959348,0.19597694156618195,0.19585198684825175,0.22855600539811033,0.218932909196067,0.21465156525885265,0.21269587929663641,0.21077396069231033,0.21078840211034766,0.47833135406149907,0.45093734435762095,0.44701903633514134,0.44866322770713885,0.4546319931634236,0.45505231273127417,0.4601360136013612,0.43805614688453043,0.44402069438823155,0.45299724381228346,0.46847512183184037,0.46884997538660417,0.25828248185633446,0.11941362655143722,0.1158472030481679,0.11557078730069818,0.11537567398742404,0.11492102093149205,0.11491342002017035,0.11612166214479627,0.11785838948840603,0.12084448822632518,0.12198417777608415,0.12200801977189034,0.12200215370249937,COMPLETE
9,0.24527236885956802,2026-04-13 16:53:16.630735,2026-04-13 16:56:26.250939,0 days 00:03:09.620204,1.0,0.1,10,200,31,0.001,0.001,1.0,0.2200108490622329,0.198986491072139,0.18874082073063922,0.18321427425054293,0.17698616626348093,0.17678695747112186,0.21421052631578907,0.19331437568279658,0.18243735122277638,0.177251449323904,0.17187868715215063,0.17171644986766632,0.47820227072751736,0.4489484551578596,0.44288754831558563,0.443862337619205,0.4494307067443425,0.4498535635907773,0.4590275694236103,0.4330752519696417,0.43496543710315133,0.44274364562410623,0.4570033861080691,0.45744129419721474,0.24527236885956802,0.11849246722639101,0.11190412722942447,0.10982909217410726,0.10887839852280826,0.10802379219735204,0.10801442494826248,0.11360369365510137,0.10942747892626573,0.10878754141284525,0.1083445397320387,0.10761051709684007,0.10760161790894526,COMPLETE
10,0.2558974916531911,2026-04-13 16:56:26.256043,2026-04-13 16:59:30.920198,0 days 00:03:04.664155,0.85,0.05,50,100,63,0.1,0.0,0.85,0.22700726982895442,0.21172608423029077,0.20297970818690295,0.19866376237767347,0.193358866725642,0.19323842312725903,0.22680161943319807,0.2166711650922176,0.20936462098405423,0.20632815849524724,0.20271811857174238,0.202728310184883,0.4780991449553402,0.4500064295438948,0.44598379586674336,0.4478330655729759,0.45445762649475013,0.45493160014275924,0.4595442877621102,0.43596387416519544,0.44187830038415055,0.4512234601262212,0.46775737826460834,0.4682395531806866,0.2558974916531911,0.11946371587991247,0.11483084452410221,0.11421398797389834,0.11372951098597947,0.11316908416437546,0.11316168050498743,0.11541720215146015,0.11505743570216019,0.11715923500872867,0.11775783013842644,0.1175976747742134,0.1175921320163951,COMPLETE
11,0.26637688389089553,2026-04-13 16:59:30.926398,2026-04-13 17:02:40.799936,0 days 00:03:09.873538,1.0,0.03,10,100,127,0.0,0.0,0.85,0.23172485551188765,0.2174952517202377,0.2096898244618918,0.20556974513913204,0.20018318205319438,0.19997417534120387,0.2358704453441291,0.22794775400038536,0.22354891622098083,0.22173986420749436,0.2180706336636664,0.21789712653542068,0.47863260787908557,0.4540269495999667,0.45202722310099414,0.45349174201710396,0.45651808434749974,0.45677927845140054,0.46116444977831117,0.4445042520125037,0.45497206230779663,0.4638966114483012,0.47369464874404305,0.4737706990266657,0.26637688389089553,0.12184855146886107,0.11988552119306047,0.1200184897096846,0.11976628226853238,0.11890683245212529,0.1188993318857119,0.1205340568327874,0.12667864565979753,0.1310642092449897,0.1322211831143267,0.13152206738678254,0.13151428984880315,COMPLETE
12,0.2694321817014858,2026-04-13 17:02:40.804722,2026-04-13 17:05:47.948321,0 days 00:03:07.143599,1.0,0.01,10,100,127,0.0,0.0,0.85,0.2295927276624693,0.21945648931014405,0.21528988015084075,0.21279989662916932,0.2093479438156079,0.2093763093354845,0.23511470985155145,0.2357698734014523,0.23920603463113596,0.24052144240237255,0.2411953737724619,0.24163491656027491,0.47475859573161044,0.4513397626155164,0.45347905411978234,0.45894342229695145,0.4663483357754445,0.46665599036494854,0.45799413274660866,0.4436819475598364,0.46262714766315177,0.47973191153909633,0.4983833014484314,0.49857578586504125,0.2694321817014858,0.1208818773643216,0.1202795579374864,0.1226339996485456,0.123592656918062,0.12392345169849175,0.12391810213602807,0.12043885953639066,0.1288447241431687,0.13823448435043548,0.14227058669298512,0.1442237038615591,0.14421951472387406,COMPLETE
13,0.2711331603611204,2026-04-13 17:05:47.953272,2026-04-13 17:08:52.943827,0 days 00:03:04.990555,0.7,0.01,10,100,127,0.0,0.0,0.85,0.23309979568655534,0.22203492819874943,0.2177873745069452,0.21599683604959816,0.21315812435494785,0.21316656645441676,0.2369095816464233,0.23754482359745513,0.2406819451353865,0.24423640120187548,0.2461666395458011,0.24645607844822873,0.47687020694666243,0.45376538443901343,0.4552525003062176,0.46068112995548816,0.4687262010159493,0.46909275121924904,0.45960262692936044,0.4457227865643725,0.46310137201976403,0.4800582873995937,0.5003373563854235,0.5006135769558573,0.2711331603611204,0.12084159083762076,0.12090120410349066,0.12388413057005218,0.12487173696657956,0.12525955400892413,0.12525557711946433,0.12043409967157075,0.13013187092153358,0.14091888207624403,0.1449729010986484,0.14696341261463503,0.14696174523567557,COMPLETE
14,0.27014837551231546,2026-04-13 17:08:52.949305,2026-04-13 17:11:57.107877,0 days 00:03:04.158572,0.85,0.01,10,100,127,0.0,0.0,0.85,0.23288161697459733,0.2215812376653841,0.21771928781589678,0.21562411294371184,0.21260501079716174,0.2125437362731506,0.23730094466936527,0.23548968575284354,0.2400589424071205,0.24179528688876156,0.24365832396359222,0.24383158176493455,0.47534375363207876,0.4525531649090285,0.4543853142236126,0.4597998211540903,0.4674361732640028,0.4677326512596534,0.4587642097543097,0.4455854315590303,0.4635148640849215,0.48064689265266686,0.49990579346246655,0.5000706178041894,0.27014837551231546,0.12036434841811695,0.12049340119278883,0.12351803715561988,0.12453429200565208,0.12481864548355431,0.1248137509984882,0.11972963967823465,0.12937000922507244,0.1403227248579249,0.1445808266943638,0.14640561979376226,0.1464039524148028,COMPLETE
15,0.27014837551231546,2026-04-13 17:11:57.112596,2026-04-13 17:15:01.121354,0 days 00:03:04.008758,0.85,0.01,10,100,127,0.0,0.0,0.85,0.23288161697459733,0.2215812376653841,0.21771928781589678,0.21562411294371184,0.21260501079716174,0.2125437362731506,0.23730094466936527,0.23548968575284354,0.2400589424071205,0.24179528688876156,0.24365832396359222,0.24383158176493455,0.47534375363207876,0.4525531649090285,0.4543853142236126,0.4597998211540903,0.4674361732640028,0.4677326512596534,0.4587642097543097,0.4455854315590303,0.4635148640849215,0.48064689265266686,0.49990579346246655,0.5000706178041894,0.27014837551231546,0.12036434841811695,0.12049340119278883,0.12351803715561988,0.12453429200565208,0.12481864548355431,0.1248137509984882,0.11972963967823465,0.12937000922507244,0.1403227248579249,0.1445808266943638,0.14640561979376226,0.1464039524148028,COMPLETE
16,0.27014837551231546,2026-04-13 17:15:01.126052,2026-04-13 17:18:05.306370,0 days 00:03:04.180318,0.85,0.01,10,100,127,0.0,0.0,0.85,0.23288161697459733,0.2215812376653841,0.21771928781589678,0.21562411294371184,0.21260501079716174,0.2125437362731506,0.23730094466936527,0.23548968575284354,0.2400589424071205,0.24179528688876156,0.24365832396359222,0.24383158176493455,0.47534375363207876,0.4525531649090285,0.4543853142236126,0.4597998211540903,0.4674361732640028,0.4677326512596534,0.4587642097543097,0.4455854315590303,0.4635148640849215,0.48064689265266686,0.49990579346246655,0.5000706178041894,0.27014837551231546,0.12036434841811695,0.12049340119278883,0.12351803715561988,0.12453429200565208,0.12481864548355431,0.1248137509984882,0.11972963967823465,0.12937000922507244,0.1403227248579249,0.1445808266943638,0.14640561979376226,0.1464039524148028,COMPLETE
17,0.2669508879450357,2026-04-13 17:18:05.311450,2026-04-13 17:21:09.435337,0 days 00:03:04.123887,0.85,0.01,50,100,127,0.1,0.0,1.0,0.23071384586036178,0.22045785028259815,0.21625405642936127,0.21451842323660433,0.2128808931728533,0.21319385366597635,0.23251012145748953,0.23267077951288467,0.23513467863670293,0.23827240078929074,0.2428315495787372,0.243876288082513,0.47367262344894373,0.44939244039228876,0.4501078468704399,0.45562018851509956,0.46782317139463914,0.46838230545983,0.4564223088975572,0.43985354884694894,0.4552588944653152,0.472014628002978,0.5001631007730881,0.5008309290390814,0.2669508879450357,0.11923126070534891,0.12004921357656739,0.12195254726140146,0.12320890456410338,0.1243968540781229,0.12443700804056627,0.11797324955971379,0.12832833547527348,0.13610298343983987,0.1402990785634627,0.1440538436092574,0.14415599052774064,COMPLETE
18,0.254182763569245,2026-04-13 17:21:09.439992,2026-04-13 17:24:13.752853,0 days 00:03:04.312861,0.7,0.1,10,100,127,0.0,0.0,0.85,0.21821636667071295,0.20071158394574412,0.1920992570710668,0.18641181402764095,0.1799894441184631,0.17980645696018877,0.216018893387314,0.2035315853736905,0.19709555626559672,0.19135995993800495,0.18527897422747863,0.18516640647234506,0.4801918345023499,0.45337913254168455,0.44782362398035713,0.4472084749545876,0.44781798949253265,0.4481024637538326,0.46166783345001233,0.4408889301628586,0.4440995242825434,0.4488035687793072,0.4539377325464676,0.4540506504571418,0.254182763569245,0.1194428551252997,0.11479440036538088,0.11233697727049956,0.11104897056507626,0.11007618114657818,0.11006829744104252,0.11758770050930684,0.118127775171186,0.11678465401512728,0.115532760647907,0.1145658244763746,0.11455916440265304,COMPLETE
19,0.24562221434109358,2026-04-13 17:24:13.758393,2026-04-13 17:27:45.375441,0 days 00:03:31.617048,0.85,0.05,10,400,127,0.0,0.0,0.85,0.20685010540788606,0.18734278539586688,0.17666025190903786,0.1709688268202675,0.1647522740928214,0.16456138923986954,0.2010796221322533,0.1844213096844675,0.17331813935052798,0.16740242485927556,0.16147607379741244,0.1613219765210681,0.48017528242336593,0.4517675452438111,0.4444131471874069,0.4425539806072153,0.44172836669266563,0.44197737163711515,0.46163282994966137,0.4378128289019385,0.4375446338617671,0.4399450384882426,0.4423080054788628,0.44232999570082465,0.24562221434109358,0.11811346888396135,0.11230864363418804,0.10945948879718222,0.10811905021607249,0.10716501277714291,0.10715810006616924,0.11587176924175475,0.11463250443687478,0.11250472043703558,0.11113414046811874,0.1102146161440775,0.11020881007011606,COMPLETE
20,0.2669508879450357,2026-04-13 17:27:45.380964,2026-04-13 17:30:49.752296,0 days 00:03:04.371332,0.85,0.01,50,100,127,0.1,0.0,1.0,0.23071384586036178,0.22045785028259815,0.21625405642936127,0.21451842323660433,0.2128808931728533,0.21319385366597635,0.23251012145748953,0.23267077951288467,0.23513467863670293,0.23827240078929074,0.2428315495787372,0.243876288082513,0.47367262344894373,0.44939244039228876,0.4501078468704399,0.45562018851509956,0.46782317139463914,0.46838230545983,0.4564223088975572,0.43985354884694894,0.4552588944653152,0.472014628002978,0.5001631007730881,0.5008309290390814,0.2669508879450357,0.11923126070534891,0.12004921357656739,0.12195254726140146,0.12320890456410338,0.1243968540781229,0.12443700804056627,0.11797324955971379,0.12832833547527348,0.13610298343983987,0.1402990785634627,0.1440538436092574,0.14415599052774064,COMPLETE
