number,value,datetime_start,datetime_complete,duration,params_colsample_bytree,params_learning_rate,params_min_child_samples,params_n_estimators,params_num_leaves,params_reg_alpha,params_reg_lambda,params_subsample,user_attrs_dunnhumby_valid_ndcg@005,user_attrs_dunnhumby_valid_ndcg@010,user_attrs_dunnhumby_valid_ndcg@015,user_attrs_dunnhumby_valid_ndcg@020,user_attrs_dunnhumby_valid_ndcg@050,user_attrs_dunnhumby_valid_ndcg@100,user_attrs_dunnhumby_valid_recall@005,user_attrs_dunnhumby_valid_recall@010,user_attrs_dunnhumby_valid_recall@015,user_attrs_dunnhumby_valid_recall@020,user_attrs_dunnhumby_valid_recall@050,user_attrs_dunnhumby_valid_recall@100,user_attrs_instacart_valid_ndcg@005,user_attrs_instacart_valid_ndcg@010,user_attrs_instacart_valid_ndcg@015,user_attrs_instacart_valid_ndcg@020,user_attrs_instacart_valid_ndcg@050,user_attrs_instacart_valid_ndcg@100,user_attrs_instacart_valid_recall@005,user_attrs_instacart_valid_recall@010,user_attrs_instacart_valid_recall@015,user_attrs_instacart_valid_recall@020,user_attrs_instacart_valid_recall@050,user_attrs_instacart_valid_recall@100,user_attrs_macro_valid_score,user_attrs_tafeng_valid_ndcg@005,user_attrs_tafeng_valid_ndcg@010,user_attrs_tafeng_valid_ndcg@015,user_attrs_tafeng_valid_ndcg@020,user_attrs_tafeng_valid_ndcg@050,user_attrs_tafeng_valid_ndcg@100,user_attrs_tafeng_valid_recall@005,user_attrs_tafeng_valid_recall@010,user_attrs_tafeng_valid_recall@015,user_attrs_tafeng_valid_recall@020,user_attrs_tafeng_valid_recall@050,user_attrs_tafeng_valid_recall@100,state
21,0.27014837551231546,2026-04-13 17:30:49.757500,2026-04-13 17:33:53.850610,0 days 00:03:04.093110,0.85,0.01,10,100,127,0.0,0.0,0.85,0.23288161697459733,0.2215812376653841,0.21771928781589678,0.21562411294371184,0.21260501079716174,0.2125437362731506,0.23730094466936527,0.23548968575284354,0.2400589424071205,0.24179528688876156,0.24365832396359222,0.24383158176493455,0.47534375363207876,0.4525531649090285,0.4543853142236126,0.4597998211540903,0.4674361732640028,0.4677326512596534,0.4587642097543097,0.4455854315590303,0.4635148640849215,0.48064689265266686,0.49990579346246655,0.5000706178041894,0.27014837551231546,0.12036434841811695,0.12049340119278883,0.12351803715561988,0.12453429200565208,0.12481864548355431,0.1248137509984882,0.11972963967823465,0.12937000922507244,0.1403227248579249,0.1445808266943638,0.14640561979376226,0.1464039524148028,COMPLETE
22,0.27014837551231546,2026-04-13 17:33:53.855469,2026-04-13 17:36:59.564795,0 days 00:03:05.709326,0.85,0.01,10,100,127,0.0,0.0,0.85,0.23288161697459733,0.2215812376653841,0.21771928781589678,0.21562411294371184,0.21260501079716174,0.2125437362731506,0.23730094466936527,0.23548968575284354,0.2400589424071205,0.24179528688876156,0.24365832396359222,0.24383158176493455,0.47534375363207876,0.4525531649090285,0.4543853142236126,0.4597998211540903,0.4674361732640028,0.4677326512596534,0.4587642097543097,0.4455854315590303,0.4635148640849215,0.48064689265266686,0.49990579346246655,0.5000706178041894,0.27014837551231546,0.12036434841811695,0.12049340119278883,0.12351803715561988,0.12453429200565208,0.12481864548355431,0.1248137509984882,0.11972963967823465,0.12937000922507244,0.1403227248579249,0.1445808266943638,0.14640561979376226,0.1464039524148028,COMPLETE
23,0.27014837551231546,2026-04-13 17:36:59.570198,2026-04-13 17:40:08.762906,0 days 00:03:09.192708,0.85,0.01,10,100,127,0.0,0.0,0.85,0.23288161697459733,0.2215812376653841,0.21771928781589678,0.21562411294371184,0.21260501079716174,0.2125437362731506,0.23730094466936527,0.23548968575284354,0.2400589424071205,0.24179528688876156,0.24365832396359222,0.24383158176493455,0.47534375363207876,0.4525531649090285,0.4543853142236126,0.4597998211540903,0.4674361732640028,0.4677326512596534,0.4587642097543097,0.4455854315590303,0.4635148640849215,0.48064689265266686,0.49990579346246655,0.5000706178041894,0.27014837551231546,0.12036434841811695,0.12049340119278883,0.12351803715561988,0.12453429200565208,0.12481864548355431,0.1248137509984882,0.11972963967823465,0.12937000922507244,0.1403227248579249,0.1445808266943638,0.14640561979376226,0.1464039524148028,COMPLETE
24,0.27014837551231546,2026-04-13 17:40:08.768359,2026-04-13 17:43:17.139538,0 days 00:03:08.371179,0.85,0.01,10,100,127,0.0,0.0,0.85,0.23288161697459733,0.2215812376653841,0.21771928781589678,0.21562411294371184,0.21260501079716174,0.2125437362731506,0.23730094466936527,0.23548968575284354,0.2400589424071205,0.24179528688876156,0.24365832396359222,0.24383158176493455,0.47534375363207876,0.4525531649090285,0.4543853142236126,0.4597998211540903,0.4674361732640028,0.4677326512596534,0.4587642097543097,0.4455854315590303,0.4635148640849215,0.48064689265266686,0.49990579346246655,0.5000706178041894,0.27014837551231546,0.12036434841811695,0.12049340119278883,0.12351803715561988,0.12453429200565208,0.12481864548355431,0.1248137509984882,0.11972963967823465,0.12937000922507244,0.1403227248579249,0.1445808266943638,0.14640561979376226,0.1464039524148028,COMPLETE
25,0.2711331603611204,2026-04-13 17:43:17.144220,2026-04-13 17:46:21.615854,0 days 00:03:04.471634,0.7,0.01,10,100,127,0.0,0.0,0.85,0.23309979568655534,0.22203492819874943,0.2177873745069452,0.21599683604959816,0.21315812435494785,0.21316656645441676,0.2369095816464233,0.23754482359745513,0.2406819451353865,0.24423640120187548,0.2461666395458011,0.24645607844822873,0.47687020694666243,0.45376538443901343,0.4552525003062176,0.46068112995548816,0.4687262010159493,0.46909275121924904,0.45960262692936044,0.4457227865643725,0.46310137201976403,0.4800582873995937,0.5003373563854235,0.5006135769558573,0.2711331603611204,0.12084159083762076,0.12090120410349066,0.12388413057005218,0.12487173696657956,0.12525955400892413,0.12525557711946433,0.12043409967157075,0.13013187092153358,0.14091888207624403,0.1449729010986484,0.14696341261463503,0.14696174523567557,COMPLETE
26,0.2711331603611204,2026-04-13 17:46:21.620568,2026-04-13 17:49:27.009339,0 days 00:03:05.388771,0.7,0.01,10,100,127,0.0,0.0,0.85,0.23309979568655534,0.22203492819874943,0.2177873745069452,0.21599683604959816,0.21315812435494785,0.21316656645441676,0.2369095816464233,0.23754482359745513,0.2406819451353865,0.24423640120187548,0.2461666395458011,0.24645607844822873,0.47687020694666243,0.45376538443901343,0.4552525003062176,0.46068112995548816,0.4687262010159493,0.46909275121924904,0.45960262692936044,0.4457227865643725,0.46310137201976403,0.4800582873995937,0.5003373563854235,0.5006135769558573,0.2711331603611204,0.12084159083762076,0.12090120410349066,0.12388413057005218,0.12487173696657956,0.12525955400892413,0.12525557711946433,0.12043409967157075,0.13013187092153358,0.14091888207624403,0.1449729010986484,0.14696341261463503,0.14696174523567557,COMPLETE
27,0.2460619052293658,2026-04-13 17:49:27.014068,2026-04-13 17:52:40.945615,0 days 00:03:13.931547,0.7,0.1,10,200,127,0.0,0.001,0.85,0.20877116350959024,0.18993106233574272,0.17936873770306214,0.17368983735941626,0.16779855798040072,0.16763275027624278,0.2023481781376514,0.18711683053788303,0.17614727602581873,0.17046947478234387,0.16577125036429116,0.16566936895704498,0.4778081968124937,0.45070427489472,0.444039338705577,0.4427784408352254,0.4428772560637636,0.443183014718925,0.45866419975331,0.43699215159611327,0.43762423528400235,0.44115516764961477,0.4452644288128493,0.44540435773495446,0.2460619052293658,0.11806239634461925,0.11214305993526712,0.10930703983710027,0.10802544148561452,0.10708292753619236,0.10707571964938575,0.11576229235089844,0.11407673355410118,0.11177441047853767,0.11057549251026348,0.10964392415985552,0.10963721827583227,COMPLETE
28,0.26800134947280085,2026-04-13 17:52:40.950297,2026-04-13 17:55:45.007890,0 days 00:03:04.057593,0.7,0.01,10,100,63,0.0,0.0,0.85,0.2316657733565915,0.2185355844339759,0.2140462411042416,0.21119660763273418,0.2083320376996678,0.20829170901543154,0.2355330634277999,0.23076376839534724,0.23403972770369533,0.23415537649130252,0.2359857485877767,0.23621982202508848,0.47484215237557464,0.4518960534952056,0.45340993660193973,0.459282478427612,0.46845041923052416,0.46888685268590613,0.457854118745209,0.4442445435019714,0.4614480484567495,0.47932457461690137,0.501351089532273,0.501769983259233,0.26800134947280085,0.11893088784488753,0.11950217926827215,0.12204351545676013,0.12325143920800102,0.1239582393624899,0.12398197584962171,0.1189276024560916,0.12899573652108387,0.1387377584257501,0.14334847802173753,0.1460414874152235,0.14610073430964315,COMPLETE
29,0.24199365951257557,2026-04-13 17:55:45.012820,2026-04-13 17:59:18.606170,0 days 00:03:33.593350,0.7,0.05,50,400,127,0.1,0.0,1.0,0.21019160570095513,0.19184679024004112,0.1829525733765158,0.17836465701271353,0.1725286747375378,0.17233961581721474,0.20983805668016156,0.19240826425036942,0.18540366516075021,0.18180540775842305,0.1768939233041059,0.17675025269942665,0.47764746302603145,0.4477314374467484,0.44057399527282753,0.4404700229285551,0.4438663022077821,0.44425192924376017,0.45840584058406125,0.4314231820007403,0.4314139455903643,0.43713268320662024,0.4476016651085183,0.4479346104879285,0.24199365951257557,0.11468456298328493,0.1064986942083407,0.10347664288802413,0.10219468411500687,0.10122166425798156,0.1012121956974391,0.10858441620258098,0.10214953228661693,0.09953096707344915,0.0983391985334649,0.09738432906580477,0.09737597502933625,COMPLETE
