number,value,datetime_start,datetime_complete,duration,params_colsample_bytree,params_learning_rate,params_min_child_samples,params_n_estimators,params_num_leaves,params_reg_alpha,params_reg_lambda,params_subsample,user_attrs_ndcg@005,user_attrs_ndcg@010,user_attrs_ndcg@015,user_attrs_ndcg@020,user_attrs_ndcg@050,user_attrs_ndcg@100,user_attrs_recall@005,user_attrs_recall@010,user_attrs_recall@015,user_attrs_recall@020,user_attrs_recall@050,user_attrs_recall@100,state
112,0.1638129010469448,2026-04-13 11:02:24.725241,2026-04-13 11:02:52.897221,0 days 00:00:28.171980,0.85,0.05,50,400,31,0.1,0.001,0.7,0.13938392640718753,0.14377850393255937,0.14929574185042252,0.153951546259256,0.1616579175381157,0.162674434428163,0.14342424675139528,0.1638129010469448,0.1808900913927342,0.19471555187013137,0.21213373902350202,0.213171836866454,COMPLETE
113,0.1638129010469448,2026-04-13 11:02:52.901888,2026-04-13 11:03:21.318565,0 days 00:00:28.416677,0.85,0.05,50,400,31,0.1,0.001,0.7,0.13938392640718753,0.14377850393255937,0.14929574185042252,0.153951546259256,0.1616579175381157,0.162674434428163,0.14342424675139528,0.1638129010469448,0.1808900913927342,0.19471555187013137,0.21213373902350202,0.213171836866454,COMPLETE
114,0.1638129010469448,2026-04-13 11:03:21.323142,2026-04-13 11:03:49.547596,0 days 00:00:28.224454,0.85,0.05,50,400,31,0.1,0.001,0.7,0.13938392640718753,0.14377850393255937,0.14929574185042252,0.153951546259256,0.1616579175381157,0.162674434428163,0.14342424675139528,0.1638129010469448,0.1808900913927342,0.19471555187013137,0.21213373902350202,0.213171836866454,COMPLETE
115,0.1638129010469448,2026-04-13 11:03:49.552140,2026-04-13 11:04:17.862830,0 days 00:00:28.310690,0.85,0.05,50,400,31,0.1,0.001,0.7,0.13938392640718753,0.14377850393255937,0.14929574185042252,0.153951546259256,0.1616579175381157,0.162674434428163,0.14342424675139528,0.1638129010469448,0.1808900913927342,0.19471555187013137,0.21213373902350202,0.213171836866454,COMPLETE
116,0.15801708564810227,2026-04-13 11:04:17.867364,2026-04-13 11:04:49.511946,0 days 00:00:31.644582,0.85,0.03,50,400,63,0.1,0.001,0.7,0.13832659990387194,0.14132277186773276,0.14514532971128632,0.14845309629280523,0.15359694441564456,0.15435378344907325,0.14194868865724491,0.15801708564810227,0.17023796526509757,0.17973309472561314,0.18950521620788133,0.18985855651182879,COMPLETE
117,0.15824918572312688,2026-04-13 11:04:49.516434,2026-04-13 11:05:13.304898,0 days 00:00:23.788464,0.85,0.05,10,100,31,0.1,0.001,0.7,0.1388342561631303,0.1410893337298853,0.14524259356641606,0.14808221774042998,0.15309029573302196,0.15386355301001467,0.1439287924222984,0.15824918572312688,0.17175051137638694,0.18009012560605625,0.1897904791871429,0.19013399329425162,COMPLETE
118,0.15816520810809104,2026-04-13 11:05:13.309315,2026-04-13 11:05:38.471068,0 days 00:00:25.161753,0.85,0.05,20,200,31,0.1,0.001,0.7,0.14007829061730445,0.141785816085351,0.14542472856739527,0.14813810156655424,0.15292655970600302,0.15368443471264076,0.14482364700842817,0.15816520810809104,0.1705576041360716,0.17843586509594964,0.18733303304290827,0.18764294360552372,COMPLETE
119,0.16328030617263917,2026-04-13 11:05:38.476387,2026-04-13 11:06:07.302657,0 days 00:00:28.826270,0.7,0.05,50,400,31,0.1,0.001,1.0,0.13938205394566572,0.14338250024037044,0.14870606122510457,0.15320173697786452,0.16074716460801264,0.1617099693212027,0.14401446998905548,0.16328030617263917,0.17991445224773905,0.19320957726218776,0.21028776405323304,0.21114971231076923,COMPLETE
120,0.15004731532291313,2026-04-13 11:06:07.307070,2026-04-13 11:06:46.267543,0 days 00:00:38.960473,0.85,0.05,50,400,127,0.1,0.001,0.7,0.1312177415578891,0.1335128836434575,0.13675439720171867,0.1391952158704076,0.1435762746381088,0.14428364841602279,0.13568470655433645,0.15004731532291313,0.1604229960148866,0.1672665411570373,0.17454337421500454,0.17466107350857765,COMPLETE
121,0.1638129010469448,2026-04-13 11:06:46.273648,2026-04-13 11:07:15.594984,0 days 00:00:29.321336,0.85,0.05,50,400,31,0.1,0.001,0.7,0.13938392640718753,0.14377850393255937,0.14929574185042252,0.153951546259256,0.1616579175381157,0.162674434428163,0.14342424675139528,0.1638129010469448,0.1808900913927342,0.19471555187013137,0.21213373902350202,0.213171836866454,COMPLETE
122,0.1638129010469448,2026-04-13 11:07:15.600532,2026-04-13 11:07:44.191800,0 days 00:00:28.591268,0.85,0.05,50,400,31,0.1,0.001,0.7,0.13938392640718753,0.14377850393255937,0.14929574185042252,0.153951546259256,0.1616579175381157,0.162674434428163,0.14342424675139528,0.1638129010469448,0.1808900913927342,0.19471555187013137,0.21213373902350202,0.213171836866454,COMPLETE
123,0.1638129010469448,2026-04-13 11:07:44.196272,2026-04-13 11:08:12.973361,0 days 00:00:28.777089,0.85,0.05,50,400,31,0.1,0.001,0.7,0.13938392640718753,0.14377850393255937,0.14929574185042252,0.153951546259256,0.1616579175381157,0.162674434428163,0.14342424675139528,0.1638129010469448,0.1808900913927342,0.19471555187013137,0.21213373902350202,0.213171836866454,COMPLETE
124,0.1638129010469448,2026-04-13 11:08:12.978880,2026-04-13 11:08:41.439610,0 days 00:00:28.460730,0.85,0.05,50,400,31,0.1,0.001,0.7,0.13938392640718753,0.14377850393255937,0.14929574185042252,0.153951546259256,0.1616579175381157,0.162674434428163,0.14342424675139528,0.1638129010469448,0.1808900913927342,0.19471555187013137,0.21213373902350202,0.213171836866454,COMPLETE
125,0.1638129010469448,2026-04-13 11:08:41.444023,2026-04-13 11:09:09.680612,0 days 00:00:28.236589,0.85,0.05,50,400,31,0.1,0.001,0.7,0.13938392640718753,0.14377850393255937,0.14929574185042252,0.153951546259256,0.1616579175381157,0.162674434428163,0.14342424675139528,0.1638129010469448,0.1808900913927342,0.19471555187013137,0.21213373902350202,0.213171836866454,COMPLETE
126,0.1635106496308849,2026-04-13 11:09:09.685060,2026-04-13 11:09:38.013299,0 days 00:00:28.328239,0.85,0.03,50,400,31,0.1,0.001,0.7,0.13999916050705444,0.1437534129389125,0.14955186719021074,0.1540303628588119,0.16119766533463778,0.1621531593706676,0.1452615545718533,0.1635106496308849,0.18161720393621109,0.19481522845901925,0.2109464384432179,0.21182967122461047,COMPLETE
127,0.16221352980242146,2026-04-13 11:09:38.017828,2026-04-13 11:10:06.059373,0 days 00:00:28.041545,1.0,0.05,50,400,31,0.1,0.001,0.7,0.13981263176019493,0.14373323518568262,0.14936042845248595,0.15392225994237124,0.1615334535740107,0.16249051174198784,0.1438121757342123,0.16221352980242146,0.17981147162926492,0.19331341623010373,0.21030694850520434,0.21126075536070635,COMPLETE
128,0.15635679946689646,2026-04-13 11:10:06.063856,2026-04-13 11:10:33.755143,0 days 00:00:27.691287,0.85,0.05,50,400,31,0.0,0.1,0.85,0.1405963685749088,0.1418843949261901,0.14315014648426397,0.1435141041569426,0.14527823361434322,0.14587847340768642,0.14313627492979505,0.15635679946689646,0.16290798028981784,0.1650790453552834,0.1659669956205614,0.16596174028210958,COMPLETE
129,0.1638129010469448,2026-04-13 11:10:33.759619,2026-04-13 11:11:01.966606,0 days 00:00:28.206987,0.85,0.05,50,400,31,0.1,0.001,0.7,0.13938392640718753,0.14377850393255937,0.14929574185042252,0.153951546259256,0.1616579175381157,0.162674434428163,0.14342424675139528,0.1638129010469448,0.1808900913927342,0.19471555187013137,0.21213373902350202,0.213171836866454,COMPLETE
130,0.16320499831138247,2026-04-13 11:11:01.971047,2026-04-13 11:11:30.292039,0 days 00:00:28.320992,0.85,0.05,10,400,31,0.1,0.001,0.7,0.1393743811071125,0.14335424665608976,0.14871967314484616,0.15345539574513337,0.16092285806053094,0.16194213023510604,0.14411204721786228,0.16320499831138247,0.1800392544609318,0.1938805767894106,0.21062902796922783,0.21150594351641208,COMPLETE
131,0.1638129010469448,2026-04-13 11:11:30.296794,2026-04-13 11:11:58.589455,0 days 00:00:28.292661,0.85,0.05,50,400,31,0.1,0.001,1.0,0.13938392640718753,0.14377850393255937,0.14929574185042252,0.153951546259256,0.1616579175381157,0.162674434428163,0.14342424675139528,0.1638129010469448,0.1808900913927342,0.19471555187013137,0.21213373902350202,0.213171836866454,COMPLETE
132,0.1638129010469448,2026-04-13 11:11:58.594009,2026-04-13 11:12:27.006213,0 days 00:00:28.412204,0.85,0.05,50,400,31,0.1,0.001,1.0,0.13938392640718753,0.14377850393255937,0.14929574185042252,0.153951546259256,0.1616579175381157,0.162674434428163,0.14342424675139528,0.1638129010469448,0.1808900913927342,0.19471555187013137,0.21213373902350202,0.213171836866454,COMPLETE
133,0.1638129010469448,2026-04-13 11:12:27.010756,2026-04-13 11:12:55.294820,0 days 00:00:28.284064,0.85,0.05,50,400,31,0.1,0.001,0.7,0.13938392640718753,0.14377850393255937,0.14929574185042252,0.153951546259256,0.1616579175381157,0.162674434428163,0.14342424675139528,0.1638129010469448,0.1808900913927342,0.19471555187013137,0.21213373902350202,0.213171836866454,COMPLETE
134,0.1638129010469448,2026-04-13 11:12:55.299272,2026-04-13 11:13:23.545908,0 days 00:00:28.246636,0.85,0.05,50,400,31,0.1,0.001,1.0,0.13938392640718753,0.14377850393255937,0.14929574185042252,0.153951546259256,0.1616579175381157,0.162674434428163,0.14342424675139528,0.1638129010469448,0.1808900913927342,0.19471555187013137,0.21213373902350202,0.213171836866454,COMPLETE
135,0.1638129010469448,2026-04-13 11:13:23.550534,2026-04-13 11:13:51.777537,0 days 00:00:28.227003,0.85,0.05,50,400,31,0.1,0.001,1.0,0.13938392640718753,0.14377850393255937,0.14929574185042252,0.153951546259256,0.1616579175381157,0.162674434428163,0.14342424675139528,0.1638129010469448,0.1808900913927342,0.19471555187013137,0.21213373902350202,0.213171836866454,COMPLETE
136,0.16328030617263917,2026-04-13 11:13:51.781957,2026-04-13 11:14:20.255713,0 days 00:00:28.473756,0.7,0.05,50,400,31,0.1,0.001,1.0,0.13938205394566572,0.14338250024037044,0.14870606122510457,0.15320173697786452,0.16074716460801264,0.1617099693212027,0.14401446998905548,0.16328030617263917,0.17991445224773905,0.19320957726218776,0.21028776405323304,0.21114971231076923,COMPLETE
137,0.16091074346822012,2026-04-13 11:14:20.260153,2026-04-13 11:14:48.316185,0 days 00:00:28.056032,0.85,0.1,50,400,31,0.1,0.001,0.7,0.14053558545718736,0.14347879960612678,0.148378727804052,0.1521977328563872,0.15863004718101317,0.1595381163424354,0.14432386120234506,0.16091074346822012,0.176130729029488,0.18729120479004638,0.20098023668423026,0.2016798147889844,COMPLETE
138,0.1635106496308849,2026-04-13 11:14:48.320657,2026-04-13 11:15:16.645458,0 days 00:00:28.324801,0.85,0.03,50,400,31,0.1,0.001,0.7,0.13999916050705444,0.1437534129389125,0.14955186719021074,0.1540303628588119,0.16119766533463778,0.1621531593706676,0.1452615545718533,0.1635106496308849,0.18161720393621109,0.19481522845901925,0.2109464384432179,0.21182967122461047,COMPLETE
139,0.1571918157524341,2026-04-13 11:15:16.650002,2026-04-13 11:15:40.747765,0 days 00:00:24.097763,0.85,0.05,50,100,63,0.1,0.001,0.7,0.13934565181498473,0.14106493118564747,0.1449526190731121,0.14735169289994354,0.15157516402352747,0.15224805115176168,0.144204864581849,0.1571918157524341,0.16996356571538745,0.1770614873978135,0.1845373460770322,0.1846775606787788,COMPLETE
140,0.15816520810809104,2026-04-13 11:15:40.752242,2026-04-13 11:16:05.642769,0 days 00:00:24.890527,0.85,0.05,20,200,31,0.1,0.001,0.7,0.14007829061730445,0.141785816085351,0.14542472856739527,0.14813810156655424,0.15292655970600302,0.15368443471264076,0.14482364700842817,0.15816520810809104,0.1705576041360716,0.17843586509594964,0.18733303304290827,0.18764294360552372,COMPLETE
141,0.1638129010469448,2026-04-13 11:16:05.647307,2026-04-13 11:16:33.874061,0 days 00:00:28.226754,0.85,0.05,50,400,31,0.1,0.001,0.7,0.13938392640718753,0.14377850393255937,0.14929574185042252,0.153951546259256,0.1616579175381157,0.162674434428163,0.14342424675139528,0.1638129010469448,0.1808900913927342,0.19471555187013137,0.21213373902350202,0.213171836866454,COMPLETE
142,0.1638129010469448,2026-04-13 11:16:33.878619,2026-04-13 11:17:02.156140,0 days 00:00:28.277521,0.85,0.05,50,400,31,0.1,0.001,0.7,0.13938392640718753,0.14377850393255937,0.14929574185042252,0.153951546259256,0.1616579175381157,0.162674434428163,0.14342424675139528,0.1638129010469448,0.1808900913927342,0.19471555187013137,0.21213373902350202,0.213171836866454,COMPLETE
143,0.1638129010469448,2026-04-13 11:17:02.160629,2026-04-13 11:17:30.440137,0 days 00:00:28.279508,0.85,0.05,50,400,31,0.1,0.001,0.7,0.13938392640718753,0.14377850393255937,0.14929574185042252,0.153951546259256,0.1616579175381157,0.162674434428163,0.14342424675139528,0.1638129010469448,0.1808900913927342,0.19471555187013137,0.21213373902350202,0.213171836866454,COMPLETE
144,0.1638129010469448,2026-04-13 11:17:30.444657,2026-04-13 11:17:58.655525,0 days 00:00:28.210868,0.85,0.05,50,400,31,0.1,0.001,0.7,0.13938392640718753,0.14377850393255937,0.14929574185042252,0.153951546259256,0.1616579175381157,0.162674434428163,0.14342424675139528,0.1638129010469448,0.1808900913927342,0.19471555187013137,0.21213373902350202,0.213171836866454,COMPLETE
145,0.1638129010469448,2026-04-13 11:17:58.659984,2026-04-13 11:18:27.149841,0 days 00:00:28.489857,0.85,0.05,50,400,31,0.1,0.001,0.85,0.13938392640718753,0.14377850393255937,0.14929574185042252,0.153951546259256,0.1616579175381157,0.162674434428163,0.14342424675139528,0.1638129010469448,0.1808900913927342,0.19471555187013137,0.21213373902350202,0.213171836866454,COMPLETE
146,0.16320499831138247,2026-04-13 11:18:27.154318,2026-04-13 11:18:55.291818,0 days 00:00:28.137500,0.85,0.05,10,400,31,0.1,0.001,0.85,0.1393743811071125,0.14335424665608976,0.14871967314484616,0.15345539574513337,0.16092285806053094,0.16194213023510604,0.14411204721786228,0.16320499831138247,0.1800392544609318,0.1938805767894106,0.21062902796922783,0.21150594351641208,COMPLETE
147,0.15030236474617611,2026-04-13 11:18:55.296752,2026-04-13 11:19:32.399397,0 days 00:00:37.102645,0.7,0.05,50,400,127,0.1,0.001,0.85,0.13211609416318768,0.13420009076301467,0.13706364708035676,0.13914598585961502,0.1428453384107369,0.14353059876739688,0.1366557189775836,0.15030236474617611,0.15951888045633725,0.16548234193687114,0.1710410522646164,0.17112742750339893,COMPLETE
148,0.1638129010469448,2026-04-13 11:19:32.403894,2026-04-13 11:20:00.607350,0 days 00:00:28.203456,0.85,0.05,50,400,31,0.1,0.001,1.0,0.13938392640718753,0.14377850393255937,0.14929574185042252,0.153951546259256,0.1616579175381157,0.162674434428163,0.14342424675139528,0.1638129010469448,0.1808900913927342,0.19471555187013137,0.21213373902350202,0.213171836866454,COMPLETE
149,0.1638129010469448,2026-04-13 11:20:00.612055,2026-04-13 11:20:28.951807,0 days 00:00:28.339752,0.85,0.05,50,400,31,0.1,0.001,0.85,0.13938392640718753,0.14377850393255937,0.14929574185042252,0.153951546259256,0.1616579175381157,0.162674434428163,0.14342424675139528,0.1638129010469448,0.1808900913927342,0.19471555187013137,0.21213373902350202,0.213171836866454,COMPLETE
150,0.1635106496308849,2026-04-13 11:20:28.957464,2026-04-13 11:20:57.163126,0 days 00:00:28.205662,0.85,0.03,50,400,31,0.1,0.001,0.85,0.13999916050705444,0.1437534129389125,0.14955186719021074,0.1540303628588119,0.16119766533463778,0.1621531593706676,0.1452615545718533,0.1635106496308849,0.18161720393621109,0.19481522845901925,0.2109464384432179,0.21182967122461047,COMPLETE
151,0.1638129010469448,2026-04-13 11:20:57.167547,2026-04-13 11:21:25.355272,0 days 00:00:28.187725,0.85,0.05,50,400,31,0.1,0.001,0.7,0.13938392640718753,0.14377850393255937,0.14929574185042252,0.153951546259256,0.1616579175381157,0.162674434428163,0.14342424675139528,0.1638129010469448,0.1808900913927342,0.19471555187013137,0.21213373902350202,0.213171836866454,COMPLETE
152,0.1638129010469448,2026-04-13 11:21:25.359708,2026-04-13 11:21:53.753712,0 days 00:00:28.394004,0.85,0.05,50,400,31,0.1,0.001,0.7,0.13938392640718753,0.14377850393255937,0.14929574185042252,0.153951546259256,0.1616579175381157,0.162674434428163,0.14342424675139528,0.1638129010469448,0.1808900913927342,0.19471555187013137,0.21213373902350202,0.213171836866454,COMPLETE
153,0.1638129010469448,2026-04-13 11:21:53.758144,2026-04-13 11:22:21.862033,0 days 00:00:28.103889,0.85,0.05,50,400,31,0.1,0.001,0.85,0.13938392640718753,0.14377850393255937,0.14929574185042252,0.153951546259256,0.1616579175381157,0.162674434428163,0.14342424675139528,0.1638129010469448,0.1808900913927342,0.19471555187013137,0.21213373902350202,0.213171836866454,COMPLETE
154,0.1638129010469448,2026-04-13 11:22:21.866467,2026-04-13 11:22:49.953959,0 days 00:00:28.087492,0.85,0.05,50,400,31,0.1,0.001,0.85,0.13938392640718753,0.14377850393255937,0.14929574185042252,0.153951546259256,0.1616579175381157,0.162674434428163,0.14342424675139528,0.1638129010469448,0.1808900913927342,0.19471555187013137,0.21213373902350202,0.213171836866454,COMPLETE
155,0.15464137818486098,2026-04-13 11:22:49.958515,2026-04-13 11:23:17.469559,0 days 00:00:27.511044,1.0,0.05,50,400,31,0.0,0.1,0.7,0.13885015868924006,0.14021032483105614,0.1416491216111813,0.14223279684036072,0.14404812567448497,0.1446368474446201,0.1410514541387055,0.15464137818486098,0.16145611334102122,0.16415201998669326,0.16520048252375474,0.165221337510665,COMPLETE
156,0.1638129010469448,2026-04-13 11:23:17.474052,2026-04-13 11:23:45.748293,0 days 00:00:28.274241,0.85,0.05,50,400,31,0.1,0.001,0.7,0.13938392640718753,0.14377850393255937,0.14929574185042252,0.153951546259256,0.1616579175381157,0.162674434428163,0.14342424675139528,0.1638129010469448,0.1808900913927342,0.19471555187013137,0.21213373902350202,0.213171836866454,COMPLETE
157,0.1638129010469448,2026-04-13 11:23:45.752858,2026-04-13 11:24:13.805905,0 days 00:00:28.053047,0.85,0.05,50,400,31,0.1,0.001,0.7,0.13938392640718753,0.14377850393255937,0.14929574185042252,0.153951546259256,0.1616579175381157,0.162674434428163,0.14342424675139528,0.1638129010469448,0.1808900913927342,0.19471555187013137,0.21213373902350202,0.213171836866454,COMPLETE
158,0.1638129010469448,2026-04-13 11:24:13.810432,2026-04-13 11:24:42.058099,0 days 00:00:28.247667,0.85,0.05,50,400,31,0.1,0.001,0.7,0.13938392640718753,0.14377850393255937,0.14929574185042252,0.153951546259256,0.1616579175381157,0.162674434428163,0.14342424675139528,0.1638129010469448,0.1808900913927342,0.19471555187013137,0.21213373902350202,0.213171836866454,COMPLETE
159,0.16207651369367887,2026-04-13 11:24:42.062564,2026-04-13 11:25:10.119074,0 days 00:00:28.056510,0.85,0.05,10,400,31,0.001,0.001,0.7,0.13941296088321142,0.1428602466368589,0.14880904033011383,0.1529827100509185,0.16069347952369908,0.1616896555449361,0.14415488600124066,0.16207651369367887,0.1804552992186874,0.19297481751604098,0.2101733437630582,0.2111558992823152,COMPLETE
160,0.16091074346822012,2026-04-13 11:25:10.123723,2026-04-13 11:25:37.981898,0 days 00:00:27.858175,0.85,0.1,50,400,31,0.1,0.001,0.7,0.14053558545718736,0.14347879960612678,0.148378727804052,0.1521977328563872,0.15863004718101317,0.1595381163424354,0.14432386120234506,0.16091074346822012,0.176130729029488,0.18729120479004638,0.20098023668423026,0.2016798147889844,COMPLETE
161,0.1638129010469448,2026-04-13 11:25:37.986363,2026-04-13 11:26:06.028420,0 days 00:00:28.042057,0.85,0.05,50,400,31,0.1,0.001,0.7,0.13938392640718753,0.14377850393255937,0.14929574185042252,0.153951546259256,0.1616579175381157,0.162674434428163,0.14342424675139528,0.1638129010469448,0.1808900913927342,0.19471555187013137,0.21213373902350202,0.213171836866454,COMPLETE
162,0.1638129010469448,2026-04-13 11:26:06.032959,2026-04-13 11:26:34.397800,0 days 00:00:28.364841,0.85,0.05,50,400,31,0.1,0.001,0.7,0.13938392640718753,0.14377850393255937,0.14929574185042252,0.153951546259256,0.1616579175381157,0.162674434428163,0.14342424675139528,0.1638129010469448,0.1808900913927342,0.19471555187013137,0.21213373902350202,0.213171836866454,COMPLETE
163,0.1638129010469448,2026-04-13 11:26:34.402383,2026-04-13 11:27:02.481533,0 days 00:00:28.079150,0.85,0.05,50,400,31,0.1,0.001,0.85,0.13938392640718753,0.14377850393255937,0.14929574185042252,0.153951546259256,0.1616579175381157,0.162674434428163,0.14342424675139528,0.1638129010469448,0.1808900913927342,0.19471555187013137,0.21213373902350202,0.213171836866454,COMPLETE
164,0.1638129010469448,2026-04-13 11:27:02.486006,2026-04-13 11:27:30.648447,0 days 00:00:28.162441,0.85,0.05,50,400,31,0.1,0.001,0.85,0.13938392640718753,0.14377850393255937,0.14929574185042252,0.153951546259256,0.1616579175381157,0.162674434428163,0.14342424675139528,0.1638129010469448,0.1808900913927342,0.19471555187013137,0.21213373902350202,0.213171836866454,COMPLETE
165,0.16239633127752623,2026-04-13 11:27:30.652979,2026-04-13 11:27:58.856287,0 days 00:00:28.203308,0.85,0.01,50,400,31,0.1,0.001,0.85,0.13746350968489057,0.14158175513746532,0.14662755359005528,0.15021366485180113,0.15599887546820154,0.15683080222922974,0.14305773716026782,0.16239633127752623,0.17823750257707216,0.18903862394570015,0.20125277147590298,0.20174168949832288,COMPLETE
166,0.16260038214914813,2026-04-13 11:27:58.860753,2026-04-13 11:28:27.242806,0 days 00:00:28.382053,0.7,0.05,50,400,31,0.1,0.0,0.7,0.13991771267587522,0.14345701279002632,0.14905219318905835,0.1535846506324058,0.16107691924723216,0.16202121268807673,0.14433576086439467,0.16260038214914813,0.17978001380471842,0.19318549476063196,0.2100653297419261,0.21099344655877791,COMPLETE
167,0.15696498552774577,2026-04-13 11:28:27.247270,2026-04-13 11:28:58.455142,0 days 00:00:31.207872,0.85,0.05,50,400,63,0.1,0.001,0.7,0.1375569413902168,0.1402865442994726,0.14393349969346625,0.1468373032243718,0.15211615723346464,0.15293103609410896,0.1414346232567024,0.15696498552774577,0.16852952012526598,0.17678615070995324,0.1868835164898271,0.18721649322712755,COMPLETE
168,0.1638129010469448,2026-04-13 11:28:58.459621,2026-04-13 11:29:26.543226,0 days 00:00:28.083605,0.85,0.05,50,400,31,0.1,0.001,0.85,0.13938392640718753,0.14377850393255937,0.14929574185042252,0.153951546259256,0.1616579175381157,0.162674434428163,0.14342424675139528,0.1638129010469448,0.1808900913927342,0.19471555187013137,0.21213373902350202,0.213171836866454,COMPLETE
